#
# A fatal error has been detected by the Java Runtime Environment:
#
#  SIGSEGV (0xb) at pc=0x0000000000019b96, pid=656, tid=0x00007fe120e3d700
#
# JRE version: Java(TM) SE Runtime Environment (8.0_111-b14) (build 1.8.0_111-b14)
# Java VM: Java HotSpot(TM) 64-Bit Server VM (25.111-b14 mixed mode linux-amd64 compressed oops)
# Problematic frame:
# C  0x0000000000019b96
#
# Failed to write core dump. Core dumps have been disabled. To enable core dumping, try "ulimit -c unlimited" before starting Java again
#
# If you would like to submit a bug report, please visit:
#   http://bugreport.java.com/bugreport/crash.jsp
# The crash happened outside the Java Virtual Machine in native code.
# See problematic frame for where to report the bug.
#

---------------  T H R E A D  ---------------

Current thread (0x00007fe11800a800):  JavaThread "main" [_thread_in_native, id=660, stack(0x00007fe120d3d000,0x00007fe120e3e000)]

siginfo: si_signo: 11 (SIGSEGV), si_code: 1 (SEGV_MAPERR), si_addr: 0x0000000000019b96

Registers:
RAX=0x0000000000000000, RBX=0x00007fe0eae83fb8, RCX=0x0000000000000010, RDX=0x0000000000000000
RSP=0x00007fe120e3c5b8, RBP=0x00007fe120e3c5f0, RSI=0x00007fe120e3c680, RDI=0x0000000000000010
R8 =0x0000000000000046, R9 =0x0000000000000024, R10=0x00007fe109017a08, R11=0x00007fe11fc14a70
R12=0x0000000000000000, R13=0x00007fe0eae83fb8, R14=0x00007fe120e3c680, R15=0x00007fe11800a800
RIP=0x0000000000019b96, EFLAGS=0x0000000000010206, CSGSFS=0x0000000000000033, ERR=0x0000000000000014
  TRAPNO=0x000000000000000e

Top of Stack: (sp=0x00007fe120e3c5b8)
0x00007fe120e3c5b8:   00007fe0eab36fcc 00007fe120e3c660
0x00007fe120e3c5c8:   00007f00091131d9 00007fe120e3c680
0x00007fe120e3c5d8:   00007fe11800a9f8 00007fe120e3c640
0x00007fe120e3c5e8:   00007fe109007a90 00007fe120e3c658
0x00007fe120e3c5f8:   00007fe109017a34 00007fe120e3c660
0x00007fe120e3c608:   00007fe1090082bd 00007fe1090082bd
0x00007fe120e3c618:   00007fe120e3c618 0000000000000000
0x00007fe120e3c628:   00007fe120e3c680 00007fe0eae87b08
0x00007fe120e3c638:   0000000000000000 00007fe0eae83fb8
0x00007fe120e3c648:   0000000000000000 00007fe120e3c678
0x00007fe120e3c658:   00007fe120e3c6c8 00007fe1090082bd
0x00007fe120e3c668:   0000000000000000 00007fe109011538
0x00007fe120e3c678:   0000000000000000 00000000d9231720
0x00007fe120e3c688:   00007fe120e3c688 00007fe0eae7eb2e
0x00007fe120e3c698:   00007fe120e3c710 00007fe0eae7f6a8
0x00007fe120e3c6a8:   0000000000000000 00007fe0eae7eda0
0x00007fe120e3c6b8:   00007fe120e3c678 00007fe120e3c708
0x00007fe120e3c6c8:   00007fe120e3c758 00007fe109008114
0x00007fe120e3c6d8:   0000000000000000 0000000000000000
0x00007fe120e3c6e8:   0000000000000000 0000000000000000
0x00007fe120e3c6f8:   0000000000000000 0000000000000000
0x00007fe120e3c708:   00000000d921a578 00000000d91d46a0
0x00007fe120e3c718:   00007fe120e3c718 00007fe0eb1712ca
0x00007fe120e3c728:   00007fe120e3c798 00007fe0eb175d60
0x00007fe120e3c738:   0000000000000000 00007fe0eb171420
0x00007fe120e3c748:   00007fe120e3c708 00007fe120e3c798
0x00007fe120e3c758:   00007fe120e3c7f8 00007fe109008040
0x00007fe120e3c768:   0000000000000000 00000000d9220ff8
0x00007fe120e3c778:   00000000d9137808 00000000d91d46a0
0x00007fe120e3c788:   00000000d921a858 00000000d921a4d0
0x00007fe120e3c798:   00000000d91613e8 00000000db476f90
0x00007fe120e3c7a8:   bfee000000000000 00000000d91613e8 

Instructions: (pc=0x0000000000019b96)
0x0000000000019b76:   
[error occurred during error reporting (printing registers, top of stack, instructions near pc), id 0xb]

Register to memory mapping:

RAX=0x0000000000000000 is an unknown value
RBX={method} {0x00007fe0eae83fb8} 'enablePrints' '(Z)V' in 'org/gnu/glpk/GlpkSolver'
RCX=0x0000000000000010 is an unknown value
RDX=0x0000000000000000 is an unknown value
RSP=0x00007fe120e3c5b8 is pointing into the stack for thread: 0x00007fe11800a800
RBP=0x00007fe120e3c5f0 is pointing into the stack for thread: 0x00007fe11800a800
RSI=0x00007fe120e3c680 is pointing into the stack for thread: 0x00007fe11800a800
RDI=0x0000000000000010 is an unknown value
R8 =0x0000000000000046 is an unknown value
R9 =0x0000000000000024 is an unknown value
R10=0x00007fe109017a08 is at code_begin+808 in an Interpreter codelet
method entry point (kind = native)  [0x00007fe1090176e0, 0x00007fe109017fe0]  2304 bytes
R11=0x00007fe11fc14a70: <offset 0x9c2a70> in /usr/lib/jvm/java-8-oracle/jre/lib/amd64/server/libjvm.so at 0x00007fe11f252000
R12=0x0000000000000000 is an unknown value
R13={method} {0x00007fe0eae83fb8} 'enablePrints' '(Z)V' in 'org/gnu/glpk/GlpkSolver'
R14=0x00007fe120e3c680 is pointing into the stack for thread: 0x00007fe11800a800
R15=0x00007fe11800a800 is a thread


Stack: [0x00007fe120d3d000,0x00007fe120e3e000],  sp=0x00007fe120e3c5b8,  free space=1021k
Native frames: (J=compiled Java code, j=interpreted, Vv=VM code, C=native code)
C  0x0000000000019b96
j  org.gnu.glpk.GlpkSolver.enablePrints(Z)V+0
j  scpsolver.lpsolver.GLPKSolver.solve(Lscpsolver/problems/LinearProgram;)[D+110
j  ilpSolver.LearningBinaryIPSolverV0.solve()[Z+370
j  learning.FiniteDifferenceGradientDescent.computeCost([D)D+63
j  learning.FiniteDifferenceGradientDescent.training()V+10
j  learning.FiniteDifferenceGradientDescent.main([Ljava/lang/String;)V+16
v  ~StubRoutines::call_stub
V  [libjvm.so+0x690206]  JavaCalls::call_helper(JavaValue*, methodHandle*, JavaCallArguments*, Thread*)+0x1056
V  [libjvm.so+0x6d1612]  jni_invoke_static(JNIEnv_*, JavaValue*, _jobject*, JNICallType, _jmethodID*, JNI_ArgumentPusher*, Thread*)+0x362
V  [libjvm.so+0x6ede7a]  jni_CallStaticVoidMethod+0x17a
C  [libjli.so+0x7bdf]  JavaMain+0x81f
C  [libpthread.so.0+0x8184]  start_thread+0xc4

Java frames: (J=compiled Java code, j=interpreted, Vv=VM code)
j  org.gnu.glpk.GlpkSolver.enablePrints(Z)V+0
j  scpsolver.lpsolver.GLPKSolver.solve(Lscpsolver/problems/LinearProgram;)[D+110
j  ilpSolver.LearningBinaryIPSolverV0.solve()[Z+370
j  learning.FiniteDifferenceGradientDescent.computeCost([D)D+63
j  learning.FiniteDifferenceGradientDescent.training()V+10
j  learning.FiniteDifferenceGradientDescent.main([Ljava/lang/String;)V+16
v  ~StubRoutines::call_stub

---------------  P R O C E S S  ---------------

Java Threads: ( => current thread )
  0x00007fe1180c1000 JavaThread "Service Thread" daemon [_thread_blocked, id=674, stack(0x00007fe0eb51a000,0x00007fe0eb61b000)]
  0x00007fe1180be000 JavaThread "C1 CompilerThread2" daemon [_thread_blocked, id=673, stack(0x00007fe0eb61b000,0x00007fe0eb71c000)]
  0x00007fe1180bc000 JavaThread "C2 CompilerThread1" daemon [_thread_in_native, id=672, stack(0x00007fe0eb71c000,0x00007fe0eb81d000)]
  0x00007fe1180b9800 JavaThread "C2 CompilerThread0" daemon [_thread_in_native, id=671, stack(0x00007fe0eb81d000,0x00007fe0eb91e000)]
  0x00007fe1180b8000 JavaThread "Signal Dispatcher" daemon [_thread_blocked, id=670, stack(0x00007fe0f80de000,0x00007fe0f81df000)]
  0x00007fe118084800 JavaThread "Finalizer" daemon [_thread_blocked, id=669, stack(0x00007fe0f81df000,0x00007fe0f82e0000)]
  0x00007fe118080000 JavaThread "Reference Handler" daemon [_thread_blocked, id=668, stack(0x00007fe10806d000,0x00007fe10816e000)]
=>0x00007fe11800a800 JavaThread "main" [_thread_in_native, id=660, stack(0x00007fe120d3d000,0x00007fe120e3e000)]

Other Threads:
  0x00007fe118078800 VMThread [stack: 0x00007fe10816e000,0x00007fe10826f000] [id=667]
  0x00007fe1180c4000 WatcherThread [stack: 0x00007fe0eb419000,0x00007fe0eb51a000] [id=675]

VM state:not at safepoint (normal execution)

VM Mutex/Monitor currently owned by a thread: None

Heap:
 PSYoungGen      total 68608K, used 36436K [0x00000000d7400000, 0x00000000dfa00000, 0x0000000100000000)
  eden space 63488K, 49% used [0x00000000d7400000,0x00000000d92ae1b0,0x00000000db200000)
  from space 5120K, 98% used [0x00000000db200000,0x00000000db6e7048,0x00000000db700000)
  to   space 5120K, 0% used [0x00000000df500000,0x00000000df500000,0x00000000dfa00000)
 ParOldGen       total 84992K, used 4664K [0x0000000085c00000, 0x000000008af00000, 0x00000000d7400000)
  object space 84992K, 5% used [0x0000000085c00000,0x000000008608e230,0x000000008af00000)
 Metaspace       used 13933K, capacity 14006K, committed 14080K, reserved 1062912K
  class space    used 1217K, capacity 1233K, committed 1280K, reserved 1048576K

Card table byte_map: [0x00007fe11d721000,0x00007fe11daf4000] byte_map_base: 0x00007fe11d2f3000

Marking Bits: (ParMarkBitMap*) 0x00007fe120215220
 Begin Bits: [0x00007fe0f82e0000, 0x00007fe0fa170000)
 End Bits:   [0x00007fe0fa170000, 0x00007fe0fc000000)

Polling page: 0x00007fe120e5e000

CodeCache: size=245760Kb used=6844Kb max_used=6844Kb free=238915Kb
 bounds [0x00007fe109000000, 0x00007fe1096c0000, 0x00007fe118000000]
 total_blobs=2100 nmethods=1748 adapters=263
 compilation: enabled

Compilation events (10 events):
Event: 1.135 Thread 0x00007fe1180be000 1764       2       java.lang.ref.SoftReference::get (29 bytes)
Event: 1.135 Thread 0x00007fe1180be000 nmethod 1764 0x00007fe1096b1250 code [0x00007fe1096b13a0, 0x00007fe1096b1510]
Event: 1.135 Thread 0x00007fe1180be000 1767       2       java.util.LinkedList::get (14 bytes)
Event: 1.135 Thread 0x00007fe1180be000 nmethod 1767 0x00007fe1096b1590 code [0x00007fe1096b1720, 0x00007fe1096b19a8]
Event: 1.135 Thread 0x00007fe1180be000 1768       2       java.util.LinkedList::checkElementIndex (22 bytes)
Event: 1.135 Thread 0x00007fe1180be000 nmethod 1768 0x00007fe1096b1b10 code [0x00007fe1096b1ce0, 0x00007fe1096b2178]
Event: 1.135 Thread 0x00007fe1180be000 1769       2       java.util.LinkedList::isElementIndex (18 bytes)
Event: 1.135 Thread 0x00007fe1180be000 nmethod 1769 0x00007fe1096b2490 code [0x00007fe1096b25e0, 0x00007fe1096b2750]
Event: 1.135 Thread 0x00007fe1180be000 1770       2       java.util.ArrayList$SubList$1::hasNext (20 bytes)
Event: 1.135 Thread 0x00007fe1180be000 nmethod 1770 0x00007fe1096b27d0 code [0x00007fe1096b2920, 0x00007fe1096b2a90]

GC Heap History (6 events):
Event: 0.405 GC heap before
{Heap before GC invocations=1 (full 0):
 PSYoungGen      total 36864K, used 31744K [0x00000000d7400000, 0x00000000d9d00000, 0x0000000100000000)
  eden space 31744K, 100% used [0x00000000d7400000,0x00000000d9300000,0x00000000d9300000)
  from space 5120K, 0% used [0x00000000d9800000,0x00000000d9800000,0x00000000d9d00000)
  to   space 5120K, 0% used [0x00000000d9300000,0x00000000d9300000,0x00000000d9800000)
 ParOldGen       total 84992K, used 0K [0x0000000085c00000, 0x000000008af00000, 0x00000000d7400000)
  object space 84992K, 0% used [0x0000000085c00000,0x0000000085c00000,0x000000008af00000)
 Metaspace       used 8772K, capacity 8886K, committed 9088K, reserved 1056768K
  class space    used 812K, capacity 849K, committed 896K, reserved 1048576K
Event: 0.410 GC heap after
Heap after GC invocations=1 (full 0):
 PSYoungGen      total 36864K, used 5119K [0x00000000d7400000, 0x00000000dbc00000, 0x0000000100000000)
  eden space 31744K, 0% used [0x00000000d7400000,0x00000000d7400000,0x00000000d9300000)
  from space 5120K, 99% used [0x00000000d9300000,0x00000000d97ffe58,0x00000000d9800000)
  to   space 5120K, 0% used [0x00000000db700000,0x00000000db700000,0x00000000dbc00000)
 ParOldGen       total 84992K, used 2117K [0x0000000085c00000, 0x000000008af00000, 0x00000000d7400000)
  object space 84992K, 2% used [0x0000000085c00000,0x0000000085e11790,0x000000008af00000)
 Metaspace       used 8772K, capacity 8886K, committed 9088K, reserved 1056768K
  class space    used 812K, capacity 849K, committed 896K, reserved 1048576K
}
Event: 0.670 GC heap before
{Heap before GC invocations=2 (full 0):
 PSYoungGen      total 36864K, used 36863K [0x00000000d7400000, 0x00000000dbc00000, 0x0000000100000000)
  eden space 31744K, 100% used [0x00000000d7400000,0x00000000d9300000,0x00000000d9300000)
  from space 5120K, 99% used [0x00000000d9300000,0x00000000d97ffe58,0x00000000d9800000)
  to   space 5120K, 0% used [0x00000000db700000,0x00000000db700000,0x00000000dbc00000)
 ParOldGen       total 84992K, used 2117K [0x0000000085c00000, 0x000000008af00000, 0x00000000d7400000)
  object space 84992K, 2% used [0x0000000085c00000,0x0000000085e11790,0x000000008af00000)
 Metaspace       used 12767K, capacity 12822K, committed 13056K, reserved 1060864K
  class space    used 1169K, capacity 1201K, committed 1280K, reserved 1048576K
Event: 0.675 GC heap after
Heap after GC invocations=2 (full 0):
 PSYoungGen      total 68608K, used 5109K [0x00000000d7400000, 0x00000000dbc00000, 0x0000000100000000)
  eden space 63488K, 0% used [0x00000000d7400000,0x00000000d7400000,0x00000000db200000)
  from space 5120K, 99% used [0x00000000db700000,0x00000000dbbfd6c8,0x00000000dbc00000)
  to   space 5120K, 0% used [0x00000000db200000,0x00000000db200000,0x00000000db700000)
 ParOldGen       total 84992K, used 4656K [0x0000000085c00000, 0x000000008af00000, 0x00000000d7400000)
  object space 84992K, 5% used [0x0000000085c00000,0x000000008608c230,0x000000008af00000)
 Metaspace       used 12767K, capacity 12822K, committed 13056K, reserved 1060864K
  class space    used 1169K, capacity 1201K, committed 1280K, reserved 1048576K
}
Event: 0.976 GC heap before
{Heap before GC invocations=3 (full 0):
 PSYoungGen      total 68608K, used 68597K [0x00000000d7400000, 0x00000000dbc00000, 0x0000000100000000)
  eden space 63488K, 100% used [0x00000000d7400000,0x00000000db200000,0x00000000db200000)
  from space 5120K, 99% used [0x00000000db700000,0x00000000dbbfd6c8,0x00000000dbc00000)
  to   space 5120K, 0% used [0x00000000db200000,0x00000000db200000,0x00000000db700000)
 ParOldGen       total 84992K, used 4656K [0x0000000085c00000, 0x000000008af00000, 0x00000000d7400000)
  object space 84992K, 5% used [0x0000000085c00000,0x000000008608c230,0x000000008af00000)
 Metaspace       used 13582K, capacity 13686K, committed 13824K, reserved 1062912K
  class space    used 1198K, capacity 1233K, committed 1280K, reserved 1048576K
Event: 0.981 GC heap after
Heap after GC invocations=3 (full 0):
 PSYoungGen      total 68608K, used 5020K [0x00000000d7400000, 0x00000000dfa00000, 0x0000000100000000)
  eden space 63488K, 0% used [0x00000000d7400000,0x00000000d7400000,0x00000000db200000)
  from space 5120K, 98% used [0x00000000db200000,0x00000000db6e7048,0x00000000db700000)
  to   space 5120K, 0% used [0x00000000df500000,0x00000000df500000,0x00000000dfa00000)
 ParOldGen       total 84992K, used 4664K [0x0000000085c00000, 0x000000008af00000, 0x00000000d7400000)
  object space 84992K, 5% used [0x0000000085c00000,0x000000008608e230,0x000000008af00000)
 Metaspace       used 13582K, capacity 13686K, committed 13824K, reserved 1062912K
  class space    used 1198K, capacity 1233K, committed 1280K, reserved 1048576K
}

Deoptimization events (10 events):
Event: 0.662 Thread 0x00007fe11800a800 Uncommon trap: reason=unstable_if action=reinterpret pc=0x00007fe1091697a4 method=java.lang.ref.SoftReference.get()Ljava/lang/Object; @ 17
Event: 0.696 Thread 0x00007fe11800a800 Uncommon trap: reason=bimorphic action=maybe_recompile pc=0x00007fe10931b5e0 method=java.util.Hashtable.put(Ljava/lang/Object;Ljava/lang/Object;)Ljava/lang/Object; @ 18
Event: 0.708 Thread 0x00007fe11800a800 Uncommon trap: reason=unstable_if action=reinterpret pc=0x00007fe10916f1b4 method=java.lang.ref.SoftReference.get()Ljava/lang/Object; @ 17
Event: 0.733 Thread 0x00007fe11800a800 Uncommon trap: reason=unstable_if action=reinterpret pc=0x00007fe10932a654 method=org.eclipse.jdt.core.compiler.CharOperation.indexOf([C[CZII)I @ 133
Event: 0.801 Thread 0x00007fe11800a800 Uncommon trap: reason=bimorphic action=maybe_recompile pc=0x00007fe10931b5e0 method=java.util.Hashtable.put(Ljava/lang/Object;Ljava/lang/Object;)Ljava/lang/Object; @ 18
Event: 0.803 Thread 0x00007fe11800a800 Uncommon trap: reason=predicate action=maybe_recompile pc=0x00007fe109437b58 method=org.eclipse.jdt.internal.compiler.parser.Scanner.scanIdentifierOrKeyword()I @ 33
Event: 0.879 Thread 0x00007fe11800a800 Uncommon trap: reason=bimorphic action=maybe_recompile pc=0x00007fe10931b5e0 method=java.util.Hashtable.put(Ljava/lang/Object;Ljava/lang/Object;)Ljava/lang/Object; @ 18
Event: 0.880 Thread 0x00007fe11800a800 Uncommon trap: reason=predicate action=maybe_recompile pc=0x00007fe10953e8d8 method=org.eclipse.jdt.internal.compiler.parser.Scanner.scanIdentifierOrKeyword()I @ 33
Event: 1.057 Thread 0x00007fe11800a800 Uncommon trap: reason=unstable_if action=reinterpret pc=0x00007fe109170a54 method=java.lang.ref.SoftReference.get()Ljava/lang/Object; @ 17
Event: 1.110 Thread 0x00007fe11800a800 Uncommon trap: reason=unloaded action=reinterpret pc=0x00007fe10931c3a0 method=java.util.zip.ZipEntry.setExtra0([BZ)V @ 37

Internal exceptions (10 events):
Event: 1.110 Thread 0x00007fe11800a800 Exception <a 'java/io/FileNotFoundException'> (0x00000000d91e0058) thrown at [/HUDSON3/workspace/8-2-build-linux-amd64/jdk8u111/7883/hotspot/src/share/vm/prims/jni.cpp, line 709]
Event: 1.110 Thread 0x00007fe11800a800 Exception <a 'java/io/FileNotFoundException'> (0x00000000d91e0ac0) thrown at [/HUDSON3/workspace/8-2-build-linux-amd64/jdk8u111/7883/hotspot/src/share/vm/prims/jni.cpp, line 709]
Event: 1.110 Thread 0x00007fe11800a800 Exception <a 'java/io/FileNotFoundException'> (0x00000000d91e1400) thrown at [/HUDSON3/workspace/8-2-build-linux-amd64/jdk8u111/7883/hotspot/src/share/vm/prims/jni.cpp, line 709]
Event: 1.110 Thread 0x00007fe11800a800 Exception <a 'java/io/FileNotFoundException'> (0x00000000d91e1d10) thrown at [/HUDSON3/workspace/8-2-build-linux-amd64/jdk8u111/7883/hotspot/src/share/vm/prims/jni.cpp, line 709]
Event: 1.110 Thread 0x00007fe11800a800 Exception <a 'java/io/FileNotFoundException'> (0x00000000d91e2630) thrown at [/HUDSON3/workspace/8-2-build-linux-amd64/jdk8u111/7883/hotspot/src/share/vm/prims/jni.cpp, line 709]
Event: 1.134 Thread 0x00007fe11800a800 Exception <a 'java/io/FileNotFoundException'> (0x00000000d922b848) thrown at [/HUDSON3/workspace/8-2-build-linux-amd64/jdk8u111/7883/hotspot/src/share/vm/prims/jni.cpp, line 709]
Event: 1.134 Thread 0x00007fe11800a800 Exception <a 'java/io/FileNotFoundException'> (0x00000000d922c250) thrown at [/HUDSON3/workspace/8-2-build-linux-amd64/jdk8u111/7883/hotspot/src/share/vm/prims/jni.cpp, line 709]
Event: 1.134 Thread 0x00007fe11800a800 Exception <a 'java/io/FileNotFoundException'> (0x00000000d922cb90) thrown at [/HUDSON3/workspace/8-2-build-linux-amd64/jdk8u111/7883/hotspot/src/share/vm/prims/jni.cpp, line 709]
Event: 1.134 Thread 0x00007fe11800a800 Exception <a 'java/io/FileNotFoundException'> (0x00000000d922d4a0) thrown at [/HUDSON3/workspace/8-2-build-linux-amd64/jdk8u111/7883/hotspot/src/share/vm/prims/jni.cpp, line 709]
Event: 1.134 Thread 0x00007fe11800a800 Exception <a 'java/io/FileNotFoundException'> (0x00000000d922ddc0) thrown at [/HUDSON3/workspace/8-2-build-linux-amd64/jdk8u111/7883/hotspot/src/share/vm/prims/jni.cpp, line 709]

Events (10 events):
Event: 1.110 loading class java/util/concurrent/TimeUnit$7
Event: 1.110 loading class java/util/concurrent/TimeUnit$7 done
Event: 1.110 loading class java/nio/file/attribute/FileTime
Event: 1.110 loading class java/nio/file/attribute/FileTime done
Event: 1.129 loading class scpsolver/lpsolver/LPSOLVESolver
Event: 1.129 loading class scpsolver/lpsolver/LPSOLVESolver done
Event: 1.130 loading class lpsolve/LpSolveException
Event: 1.130 loading class lpsolve/LpSolveException done
Event: 1.130 loading class org/gnu/glpk/GlpkSolver
Event: 1.130 loading class org/gnu/glpk/GlpkSolver done


Dynamic libraries:
00400000-00401000 r-xp 00000000 08:02 2389277                            /usr/lib/jvm/java-8-oracle/bin/java
00600000-00601000 rw-p 00000000 08:02 2389277                            /usr/lib/jvm/java-8-oracle/bin/java
007ed000-0080e000 rw-p 00000000 00:00 0                                  [heap]
85c00000-8af00000 rw-p 00000000 00:00 0 
8af00000-d7400000 ---p 00000000 00:00 0 
d7400000-dfa00000 rw-p 00000000 00:00 0 
dfa00000-100000000 ---p 00000000 00:00 0 
100000000-100140000 rw-p 00000000 00:00 0 
100140000-140000000 ---p 00000000 00:00 0 
7fe0c8000000-7fe0c8021000 rw-p 00000000 00:00 0 
7fe0c8021000-7fe0cc000000 ---p 00000000 00:00 0 
7fe0d0000000-7fe0d0d4e000 rw-p 00000000 00:00 0 
7fe0d0d4e000-7fe0d4000000 ---p 00000000 00:00 0 
7fe0d4000000-7fe0d4021000 rw-p 00000000 00:00 0 
7fe0d4021000-7fe0d8000000 ---p 00000000 00:00 0 
7fe0d8000000-7fe0d8add000 rw-p 00000000 00:00 0 
7fe0d8add000-7fe0dc000000 ---p 00000000 00:00 0 
7fe0dc000000-7fe0dc915000 rw-p 00000000 00:00 0 
7fe0dc915000-7fe0e0000000 ---p 00000000 00:00 0 
7fe0e0000000-7fe0e0021000 rw-p 00000000 00:00 0 
7fe0e0021000-7fe0e4000000 ---p 00000000 00:00 0 
7fe0e4000000-7fe0e4021000 rw-p 00000000 00:00 0 
7fe0e4021000-7fe0e8000000 ---p 00000000 00:00 0 
7fe0eab1a000-7fe0eac15000 r-xp 00000000 08:02 142860                     /home/yuan/Desktop/PL research/eclipseWorkSpace/javaSrcCompress/libglpkjni_x64.so
7fe0eac15000-7fe0eae15000 ---p 000fb000 08:02 142860                     /home/yuan/Desktop/PL research/eclipseWorkSpace/javaSrcCompress/libglpkjni_x64.so
7fe0eae15000-7fe0eae16000 r--p 000fb000 08:02 142860                     /home/yuan/Desktop/PL research/eclipseWorkSpace/javaSrcCompress/libglpkjni_x64.so
7fe0eae16000-7fe0eae19000 rw-p 000fc000 08:02 142860                     /home/yuan/Desktop/PL research/eclipseWorkSpace/javaSrcCompress/libglpkjni_x64.so
7fe0eae19000-7fe0eae99000 rw-p 00000000 00:00 0 
7fe0eae99000-7fe0eb019000 ---p 00000000 00:00 0 
7fe0eb019000-7fe0eb219000 rw-p 00000000 00:00 0 
7fe0eb219000-7fe0eb419000 rw-p 00000000 00:00 0 
7fe0eb419000-7fe0eb41a000 ---p 00000000 00:00 0 
7fe0eb41a000-7fe0eb51a000 rw-p 00000000 00:00 0 
7fe0eb51a000-7fe0eb51d000 ---p 00000000 00:00 0 
7fe0eb51d000-7fe0eb61b000 rw-p 00000000 00:00 0 
7fe0eb61b000-7fe0eb61e000 ---p 00000000 00:00 0 
7fe0eb61e000-7fe0eb71c000 rw-p 00000000 00:00 0 
7fe0eb71c000-7fe0eb71f000 ---p 00000000 00:00 0 
7fe0eb71f000-7fe0eb81d000 rw-p 00000000 00:00 0 
7fe0eb81d000-7fe0eb820000 ---p 00000000 00:00 0 
7fe0eb820000-7fe0eb91e000 rw-p 00000000 00:00 0 
7fe0eb91e000-7fe0ec000000 r--p 00000000 08:02 1186824                    /usr/lib/locale/locale-archive
7fe0ec000000-7fe0ec021000 rw-p 00000000 00:00 0 
7fe0ec021000-7fe0f0000000 ---p 00000000 00:00 0 
7fe0f0000000-7fe0f0021000 rw-p 00000000 00:00 0 
7fe0f0021000-7fe0f4000000 ---p 00000000 00:00 0 
7fe0f4000000-7fe0f4021000 rw-p 00000000 00:00 0 
7fe0f4021000-7fe0f8000000 ---p 00000000 00:00 0 
7fe0f80de000-7fe0f80e1000 ---p 00000000 00:00 0 
7fe0f80e1000-7fe0f81df000 rw-p 00000000 00:00 0 
7fe0f81df000-7fe0f81e2000 ---p 00000000 00:00 0 
7fe0f81e2000-7fe0fc000000 rw-p 00000000 00:00 0 
7fe0fc000000-7fe0fc021000 rw-p 00000000 00:00 0 
7fe0fc021000-7fe100000000 ---p 00000000 00:00 0 
7fe100000000-7fe100021000 rw-p 00000000 00:00 0 
7fe100021000-7fe104000000 ---p 00000000 00:00 0 
7fe104000000-7fe104021000 rw-p 00000000 00:00 0 
7fe104021000-7fe108000000 ---p 00000000 00:00 0 
7fe108029000-7fe10802a000 rw-p 00000000 00:00 0 
7fe10802a000-7fe10803d000 r--s 00345000 08:02 2250070                    /usr/lib/jvm/java-8-oracle/jre/lib/resources.jar
7fe10803d000-7fe10806d000 r--s 00547000 08:02 143013                     /home/yuan/Desktop/PL research/eclipseWorkSpace/javaSrcCompress/external lib/org.eclipse.jdt.core_3.11.2.v20160128-0629.jar
7fe10806d000-7fe108070000 ---p 00000000 00:00 0 
7fe108070000-7fe10816e000 rw-p 00000000 00:00 0 
7fe10816e000-7fe10816f000 ---p 00000000 00:00 0 
7fe10816f000-7fe109000000 rw-p 00000000 00:00 0 
7fe109000000-7fe1096c0000 rwxp 00000000 00:00 0 
7fe1096c0000-7fe118000000 ---p 00000000 00:00 0 
7fe118000000-7fe11891f000 rw-p 00000000 00:00 0 
7fe11891f000-7fe11c000000 ---p 00000000 00:00 0 
7fe11c000000-7fe11c001000 rw-p 00000000 00:00 0 
7fe11c001000-7fe11c006000 r--s 00084000 08:02 2250090                    /usr/lib/jvm/java-8-oracle/jre/lib/jfr.jar
7fe11c006000-7fe11c00b000 r--s 002f9000 08:02 2250071                    /usr/lib/jvm/java-8-oracle/jre/lib/charsets.jar
7fe11c00b000-7fe11c00d000 r--s 0000c000 08:02 131831                     /home/yuan/Desktop/PL research/eclipseWorkSpace/javaSrcCompress/external lib/json-20160810.jar
7fe11c00d000-7fe11c01d000 r--s 00100000 08:02 142476                     /home/yuan/Desktop/PL research/eclipseWorkSpace/javaSrcCompress/external lib/org.eclipse.osgi_3.5.2.R35x_v20100126.jar
7fe11c01d000-7fe11c020000 r--s 00016000 08:02 141246                     /home/yuan/Desktop/PL research/eclipseWorkSpace/javaSrcCompress/external lib/org.eclipse.equinox.preferences_3.2.301.R35x_v20091117.jar
7fe11c020000-7fe11c271000 rw-p 00000000 00:00 0 
7fe11c271000-7fe11c449000 r--s 03d2a000 08:02 2250231                    /usr/lib/jvm/java-8-oracle/jre/lib/rt.jar
7fe11c449000-7fe11d091000 rw-p 00000000 00:00 0 
7fe11d091000-7fe11d092000 ---p 00000000 00:00 0 
7fe11d092000-7fe11d192000 rw-p 00000000 00:00 0 
7fe11d192000-7fe11d193000 ---p 00000000 00:00 0 
7fe11d193000-7fe11d293000 rw-p 00000000 00:00 0 
7fe11d293000-7fe11d294000 ---p 00000000 00:00 0 
7fe11d294000-7fe11d394000 rw-p 00000000 00:00 0 
7fe11d394000-7fe11d395000 ---p 00000000 00:00 0 
7fe11d395000-7fe11d4bf000 rw-p 00000000 00:00 0 
7fe11d4bf000-7fe11d721000 ---p 00000000 00:00 0 
7fe11d721000-7fe11d74b000 rw-p 00000000 00:00 0 
7fe11d74b000-7fe11d9ad000 ---p 00000000 00:00 0 
7fe11d9ad000-7fe11d9f0000 rw-p 00000000 00:00 0 
7fe11d9f0000-7fe11daf3000 ---p 00000000 00:00 0 
7fe11daf3000-7fe11db0f000 rw-p 00000000 00:00 0 
7fe11db0f000-7fe11deb4000 ---p 00000000 00:00 0 
7fe11deb4000-7fe11dece000 r-xp 00000000 08:02 2239653                    /usr/lib/jvm/java-8-oracle/jre/lib/amd64/libzip.so
7fe11dece000-7fe11e0ce000 ---p 0001a000 08:02 2239653                    /usr/lib/jvm/java-8-oracle/jre/lib/amd64/libzip.so
7fe11e0ce000-7fe11e0cf000 rw-p 0001a000 08:02 2239653                    /usr/lib/jvm/java-8-oracle/jre/lib/amd64/libzip.so
7fe11e0cf000-7fe11e0d9000 r-xp 00000000 08:02 1575070                    /lib/x86_64-linux-gnu/libnss_files-2.19.so
7fe11e0d9000-7fe11e2d8000 ---p 0000a000 08:02 1575070                    /lib/x86_64-linux-gnu/libnss_files-2.19.so
7fe11e2d8000-7fe11e2d9000 r--p 00009000 08:02 1575070                    /lib/x86_64-linux-gnu/libnss_files-2.19.so
7fe11e2d9000-7fe11e2da000 rw-p 0000a000 08:02 1575070                    /lib/x86_64-linux-gnu/libnss_files-2.19.so
7fe11e2da000-7fe11e2e5000 r-xp 00000000 08:02 1575062                    /lib/x86_64-linux-gnu/libnss_nis-2.19.so
7fe11e2e5000-7fe11e4e4000 ---p 0000b000 08:02 1575062                    /lib/x86_64-linux-gnu/libnss_nis-2.19.so
7fe11e4e4000-7fe11e4e5000 r--p 0000a000 08:02 1575062                    /lib/x86_64-linux-gnu/libnss_nis-2.19.so
7fe11e4e5000-7fe11e4e6000 rw-p 0000b000 08:02 1575062                    /lib/x86_64-linux-gnu/libnss_nis-2.19.so
7fe11e4e6000-7fe11e4fd000 r-xp 00000000 08:02 1575058                    /lib/x86_64-linux-gnu/libnsl-2.19.so
7fe11e4fd000-7fe11e6fc000 ---p 00017000 08:02 1575058                    /lib/x86_64-linux-gnu/libnsl-2.19.so
7fe11e6fc000-7fe11e6fd000 r--p 00016000 08:02 1575058                    /lib/x86_64-linux-gnu/libnsl-2.19.so
7fe11e6fd000-7fe11e6fe000 rw-p 00017000 08:02 1575058                    /lib/x86_64-linux-gnu/libnsl-2.19.so
7fe11e6fe000-7fe11e700000 rw-p 00000000 00:00 0 
7fe11e700000-7fe11e709000 r-xp 00000000 08:02 1575057                    /lib/x86_64-linux-gnu/libnss_compat-2.19.so
7fe11e709000-7fe11e908000 ---p 00009000 08:02 1575057                    /lib/x86_64-linux-gnu/libnss_compat-2.19.so
7fe11e908000-7fe11e909000 r--p 00008000 08:02 1575057                    /lib/x86_64-linux-gnu/libnss_compat-2.19.so
7fe11e909000-7fe11e90a000 rw-p 00009000 08:02 1575057                    /lib/x86_64-linux-gnu/libnss_compat-2.19.so
7fe11e90a000-7fe11e935000 r-xp 00000000 08:02 2250041                    /usr/lib/jvm/java-8-oracle/jre/lib/amd64/libjava.so
7fe11e935000-7fe11eb34000 ---p 0002b000 08:02 2250041                    /usr/lib/jvm/java-8-oracle/jre/lib/amd64/libjava.so
7fe11eb34000-7fe11eb36000 rw-p 0002a000 08:02 2250041                    /usr/lib/jvm/java-8-oracle/jre/lib/amd64/libjava.so
7fe11eb36000-7fe11eb43000 r-xp 00000000 08:02 2250053                    /usr/lib/jvm/java-8-oracle/jre/lib/amd64/libverify.so
7fe11eb43000-7fe11ed42000 ---p 0000d000 08:02 2250053                    /usr/lib/jvm/java-8-oracle/jre/lib/amd64/libverify.so
7fe11ed42000-7fe11ed44000 rw-p 0000c000 08:02 2250053                    /usr/lib/jvm/java-8-oracle/jre/lib/amd64/libverify.so
7fe11ed44000-7fe11ed4b000 r-xp 00000000 08:02 1575066                    /lib/x86_64-linux-gnu/librt-2.19.so
7fe11ed4b000-7fe11ef4a000 ---p 00007000 08:02 1575066                    /lib/x86_64-linux-gnu/librt-2.19.so
7fe11ef4a000-7fe11ef4b000 r--p 00006000 08:02 1575066                    /lib/x86_64-linux-gnu/librt-2.19.so
7fe11ef4b000-7fe11ef4c000 rw-p 00007000 08:02 1575066                    /lib/x86_64-linux-gnu/librt-2.19.so
7fe11ef4c000-7fe11f051000 r-xp 00000000 08:02 1575045                    /lib/x86_64-linux-gnu/libm-2.19.so
7fe11f051000-7fe11f250000 ---p 00105000 08:02 1575045                    /lib/x86_64-linux-gnu/libm-2.19.so
7fe11f250000-7fe11f251000 r--p 00104000 08:02 1575045                    /lib/x86_64-linux-gnu/libm-2.19.so
7fe11f251000-7fe11f252000 rw-p 00105000 08:02 1575045                    /lib/x86_64-linux-gnu/libm-2.19.so
7fe11f252000-7fe11ff1f000 r-xp 00000000 08:02 2250022                    /usr/lib/jvm/java-8-oracle/jre/lib/amd64/server/libjvm.so
7fe11ff1f000-7fe12011e000 ---p 00ccd000 08:02 2250022                    /usr/lib/jvm/java-8-oracle/jre/lib/amd64/server/libjvm.so
7fe12011e000-7fe1201f7000 rw-p 00ccc000 08:02 2250022                    /usr/lib/jvm/java-8-oracle/jre/lib/amd64/server/libjvm.so
7fe1201f7000-7fe120242000 rw-p 00000000 00:00 0 
7fe120242000-7fe1203fc000 r-xp 00000000 08:02 1575067                    /lib/x86_64-linux-gnu/libc-2.19.so
7fe1203fc000-7fe1205fc000 ---p 001ba000 08:02 1575067                    /lib/x86_64-linux-gnu/libc-2.19.so
7fe1205fc000-7fe120600000 r--p 001ba000 08:02 1575067                    /lib/x86_64-linux-gnu/libc-2.19.so
7fe120600000-7fe120602000 rw-p 001be000 08:02 1575067                    /lib/x86_64-linux-gnu/libc-2.19.so
7fe120602000-7fe120607000 rw-p 00000000 00:00 0 
7fe120607000-7fe12060a000 r-xp 00000000 08:02 1575052                    /lib/x86_64-linux-gnu/libdl-2.19.so
7fe12060a000-7fe120809000 ---p 00003000 08:02 1575052                    /lib/x86_64-linux-gnu/libdl-2.19.so
7fe120809000-7fe12080a000 r--p 00002000 08:02 1575052                    /lib/x86_64-linux-gnu/libdl-2.19.so
7fe12080a000-7fe12080b000 rw-p 00003000 08:02 1575052                    /lib/x86_64-linux-gnu/libdl-2.19.so
7fe12080b000-7fe120820000 r-xp 00000000 08:02 1979606                    /usr/lib/jvm/java-8-oracle/lib/amd64/jli/libjli.so
7fe120820000-7fe120a20000 ---p 00015000 08:02 1979606                    /usr/lib/jvm/java-8-oracle/lib/amd64/jli/libjli.so
7fe120a20000-7fe120a21000 rw-p 00015000 08:02 1979606                    /usr/lib/jvm/java-8-oracle/lib/amd64/jli/libjli.so
7fe120a21000-7fe120a3a000 r-xp 00000000 08:02 1575059                    /lib/x86_64-linux-gnu/libpthread-2.19.so
7fe120a3a000-7fe120c39000 ---p 00019000 08:02 1575059                    /lib/x86_64-linux-gnu/libpthread-2.19.so
7fe120c39000-7fe120c3a000 r--p 00018000 08:02 1575059                    /lib/x86_64-linux-gnu/libpthread-2.19.so
7fe120c3a000-7fe120c3b000 rw-p 00019000 08:02 1575059                    /lib/x86_64-linux-gnu/libpthread-2.19.so
7fe120c3b000-7fe120c3f000 rw-p 00000000 00:00 0 
7fe120c3f000-7fe120c62000 r-xp 00000000 08:02 1575060                    /lib/x86_64-linux-gnu/ld-2.19.so
7fe120c62000-7fe120c63000 rw-p 00000000 00:00 0 
7fe120c63000-7fe120c66000 r--s 00015000 08:02 141125                     /home/yuan/Desktop/PL research/eclipseWorkSpace/javaSrcCompress/external lib/org.eclipse.equinox.common_3.5.1.R35x_v20090807-1100.jar
7fe120c66000-7fe120c70000 r--s 000a1000 08:02 142473                     /home/yuan/Desktop/PL research/eclipseWorkSpace/javaSrcCompress/external lib/org.eclipse.core.resources_3.5.2.R35x_v20091203-1235.jar
7fe120c70000-7fe120c72000 r--s 00011000 08:02 141124                     /home/yuan/Desktop/PL research/eclipseWorkSpace/javaSrcCompress/external lib/org.eclipse.core.jobs_3.4.100.v20090429-1800.jar
7fe120c72000-7fe120d3d000 rw-p 00000000 00:00 0 
7fe120d3d000-7fe120d40000 ---p 00000000 00:00 0 
7fe120d40000-7fe120e43000 rw-p 00000000 00:00 0 
7fe120e43000-7fe120e46000 r--s 00012000 08:02 140103                     /home/yuan/Desktop/PL research/eclipseWorkSpace/javaSrcCompress/external lib/org.eclipse.core.contenttype_3.4.1.R35x_v20090826-0451.jar
7fe120e46000-7fe120e48000 r--s 0000f000 08:02 142474                     /home/yuan/Desktop/PL research/eclipseWorkSpace/javaSrcCompress/external lib/org.eclipse.core.runtime_3.5.0.v20090525.jar
7fe120e48000-7fe120e4b000 r--s 0001a000 08:02 2250230                    /usr/lib/jvm/java-8-oracle/jre/lib/jce.jar
7fe120e4b000-7fe120e4f000 r--s 00097000 08:02 2250227                    /usr/lib/jvm/java-8-oracle/jre/lib/jsse.jar
7fe120e4f000-7fe120e53000 r--s 00021000 08:02 140645                     /home/yuan/Desktop/PL research/eclipseWorkSpace/javaSrcCompress/external lib/SCPSolver.jar
7fe120e53000-7fe120e54000 r--s 00151000 08:02 140596                     /home/yuan/Desktop/PL research/eclipseWorkSpace/javaSrcCompress/external lib/LPSOLVESolverPack.jar
7fe120e54000-7fe120e55000 r--s 002bc000 08:02 266570                     /home/yuan/Desktop/PL research/eclipseWorkSpace/javaSrcCompress/external lib/GLPKSolverPack.jar
7fe120e55000-7fe120e5d000 rw-s 00000000 08:02 3167840                    /tmp/hsperfdata_yuan/656
7fe120e5d000-7fe120e5e000 rw-p 00000000 00:00 0 
7fe120e5e000-7fe120e5f000 r--p 00000000 00:00 0 
7fe120e5f000-7fe120e61000 rw-p 00000000 00:00 0 
7fe120e61000-7fe120e62000 r--p 00022000 08:02 1575060                    /lib/x86_64-linux-gnu/ld-2.19.so
7fe120e62000-7fe120e63000 rw-p 00023000 08:02 1575060                    /lib/x86_64-linux-gnu/ld-2.19.so
7fe120e63000-7fe120e64000 rw-p 00000000 00:00 0 
7fffdc630000-7fffdc651000 rw-p 00000000 00:00 0                          [stack]
7fffdc736000-7fffdc738000 r--p 00000000 00:00 0                          [vvar]
7fffdc738000-7fffdc73a000 r-xp 00000000 00:00 0                          [vdso]
ffffffffff600000-ffffffffff601000 r-xp 00000000 00:00 0                  [vsyscall]

VM Arguments:
jvm_args: -Dfile.encoding=UTF-8 
java_command: learning.FiniteDifferenceGradientDescent
java_class_path (initial): /home/yuan/Desktop/PL research/eclipseWorkSpace/javaSrcCompress/bin:/home/yuan/Desktop/PL research/eclipseWorkSpace/javaSrcCompress/external lib/GLPKSolverPack.jar:/home/yuan/Desktop/PL research/eclipseWorkSpace/javaSrcCompress/external lib/LPSOLVESolverPack.jar:/home/yuan/Desktop/PL research/eclipseWorkSpace/javaSrcCompress/external lib/SCPSolver.jar:/home/yuan/Desktop/PL research/eclipseWorkSpace/javaSrcCompress/external lib/org.eclipse.jdt.core_3.11.2.v20160128-0629.jar:/home/yuan/Desktop/PL research/eclipseWorkSpace/javaSrcCompress/external lib/org.eclipse.core.runtime_3.5.0.v20090525.jar:/home/yuan/Desktop/PL research/eclipseWorkSpace/javaSrcCompress/external lib/org.eclipse.core.contenttype_3.4.1.R35x_v20090826-0451.jar:/home/yuan/Desktop/PL research/eclipseWorkSpace/javaSrcCompress/external lib/org.eclipse.core.jobs_3.4.100.v20090429-1800.jar:/home/yuan/Desktop/PL research/eclipseWorkSpace/javaSrcCompress/external lib/org.eclipse.core.resources_3.5.2.R35x_v20091203-1235.jar:/home/yuan/Desktop/PL research/eclipseWorkSpace/javaSrcCompress/external lib/org.eclipse.equinox.common_3.5.1.R35x_v20090807-1100.jar:/home/yuan/Desktop/PL research/eclipseWorkSpace/javaSrcCompress/external lib/org.eclipse.equinox.preferences_3.2.301.R35x_v20091117.jar:/home/yuan/Desktop/PL research/eclipseWorkSpace/javaSrcCompress/external lib/org.eclipse.osgi_3.5.2.R35x_v20100126.jar:/home/yuan/Desktop/PL research/eclipseWorkSpace/javaSrcCompress/external lib/json-20160810.jar
Launcher Type: SUN_STANDARD

Environment Variables:
JAVA_HOME=/usr/lib/jvm/java-8-oracle
PATH=/usr/local/sbin:/usr/local/bin:/usr/sbin:/usr/bin:/sbin:/bin:/usr/games:/usr/local/games:/usr/lib/jvm/java-8-oracle/bin:/usr/lib/jvm/java-8-oracle/db/bin:/usr/lib/jvm/java-8-oracle/jre/bin
SHELL=/bin/bash
DISPLAY=:0

Signal Handlers:
SIGSEGV: [libjvm.so+0xac64b0], sa_mask[0]=11111111011111111101111111111110, sa_flags=SA_RESTART|SA_SIGINFO
SIGBUS: [libjvm.so+0xac64b0], sa_mask[0]=11111111011111111101111111111110, sa_flags=SA_RESTART|SA_SIGINFO
SIGFPE: [libjvm.so+0x91f950], sa_mask[0]=11111111011111111101111111111110, sa_flags=SA_RESTART|SA_SIGINFO
SIGPIPE: [libjvm.so+0x91f950], sa_mask[0]=11111111011111111101111111111110, sa_flags=SA_RESTART|SA_SIGINFO
SIGXFSZ: [libjvm.so+0x91f950], sa_mask[0]=11111111011111111101111111111110, sa_flags=SA_RESTART|SA_SIGINFO
SIGILL: [libjvm.so+0x91f950], sa_mask[0]=11111111011111111101111111111110, sa_flags=SA_RESTART|SA_SIGINFO
SIGUSR1: SIG_DFL, sa_mask[0]=00000000000000000000000000000000, sa_flags=none
SIGUSR2: [libjvm.so+0x920f80], sa_mask[0]=00100000000000000000000000000000, sa_flags=SA_RESTART|SA_SIGINFO
SIGHUP: [libjvm.so+0x922380], sa_mask[0]=11111111011111111101111111111110, sa_flags=SA_RESTART|SA_SIGINFO
SIGINT: [libjvm.so+0x922380], sa_mask[0]=11111111011111111101111111111110, sa_flags=SA_RESTART|SA_SIGINFO
SIGTERM: [libjvm.so+0x922380], sa_mask[0]=11111111011111111101111111111110, sa_flags=SA_RESTART|SA_SIGINFO
SIGQUIT: [libjvm.so+0x922380], sa_mask[0]=11111111011111111101111111111110, sa_flags=SA_RESTART|SA_SIGINFO


---------------  S Y S T E M  ---------------

OS:DISTRIB_ID=Ubuntu
DISTRIB_RELEASE=14.04
DISTRIB_CODENAME=trusty
DISTRIB_DESCRIPTION="Ubuntu 14.04.5 LTS"

uname:Linux 4.4.0-57-generic #78~14.04.1-Ubuntu SMP Sat Dec 10 00:14:47 UTC 2016 x86_64
libc:glibc 2.19 NPTL 2.19 
rlimit: STACK 8192k, CORE 0k, NPROC 30267, NOFILE 4096, AS infinity
load average:0.27 0.23 0.43

/proc/meminfo:
MemTotal:        8009712 kB
MemFree:         1048488 kB
MemAvailable:    2561276 kB
Buffers:          170008 kB
Cached:          2062592 kB
SwapCached:        79528 kB
Active:          4631832 kB
Inactive:        1709472 kB
Active(anon):    3877900 kB
Inactive(anon):  1057688 kB
Active(file):     753932 kB
Inactive(file):   651784 kB
Unevictable:         832 kB
Mlocked:             832 kB
SwapTotal:       8221692 kB
SwapFree:        7494760 kB
Dirty:               144 kB
Writeback:             0 kB
AnonPages:       4091640 kB
Mapped:           542584 kB
Shmem:            826636 kB
Slab:             462916 kB
SReclaimable:     410912 kB
SUnreclaim:        52004 kB
KernelStack:       13824 kB
PageTables:        69756 kB
NFS_Unstable:          0 kB
Bounce:                0 kB
WritebackTmp:          0 kB
CommitLimit:    12226548 kB
Committed_AS:   15343444 kB
VmallocTotal:   34359738367 kB
VmallocUsed:           0 kB
VmallocChunk:          0 kB
HardwareCorrupted:     0 kB
AnonHugePages:   1871872 kB
CmaTotal:              0 kB
CmaFree:               0 kB
HugePages_Total:       0
HugePages_Free:        0
HugePages_Rsvd:        0
HugePages_Surp:        0
Hugepagesize:       2048 kB
DirectMap4k:      211252 kB
DirectMap2M:     8011776 kB
DirectMap1G:     1048576 kB


CPU:total 4 (4 cores per cpu, 1 threads per core) family 6 model 60 stepping 3, cmov, cx8, fxsr, mmx, sse, sse2, sse3, ssse3, sse4.1, sse4.2, popcnt, avx, avx2, aes, clmul, erms, rtm, lzcnt, tsc, tscinvbit, bmi1, bmi2

/proc/cpuinfo:
processor	: 0
vendor_id	: GenuineIntel
cpu family	: 6
model		: 60
model name	: Intel(R) Core(TM) i5-4590 CPU @ 3.30GHz
stepping	: 3
microcode	: 0x17
cpu MHz		: 3499.933
cache size	: 6144 KB
physical id	: 0
siblings	: 4
core id		: 0
cpu cores	: 4
apicid		: 0
initial apicid	: 0
fpu		: yes
fpu_exception	: yes
cpuid level	: 13
wp		: yes
flags		: fpu vme de pse tsc msr pae mce cx8 apic sep mtrr pge mca cmov pat pse36 clflush dts acpi mmx fxsr sse sse2 ss ht tm pbe syscall nx pdpe1gb rdtscp lm constant_tsc arch_perfmon pebs bts rep_good nopl xtopology nonstop_tsc aperfmperf eagerfpu pni pclmulqdq dtes64 monitor ds_cpl vmx smx est tm2 ssse3 sdbg fma cx16 xtpr pdcm pcid sse4_1 sse4_2 x2apic movbe popcnt tsc_deadline_timer aes xsave avx f16c rdrand lahf_lm abm tpr_shadow vnmi flexpriority ept vpid fsgsbase tsc_adjust bmi1 hle avx2 smep bmi2 erms invpcid rtm xsaveopt dtherm ida arat pln pts
bugs		:
bogomips	: 6600.48
clflush size	: 64
cache_alignment	: 64
address sizes	: 39 bits physical, 48 bits virtual
power management:

processor	: 1
vendor_id	: GenuineIntel
cpu family	: 6
model		: 60
model name	: Intel(R) Core(TM) i5-4590 CPU @ 3.30GHz
stepping	: 3
microcode	: 0x17
cpu MHz		: 3499.933
cache size	: 6144 KB
physical id	: 0
siblings	: 4
core id		: 1
cpu cores	: 4
apicid		: 2
initial apicid	: 2
fpu		: yes
fpu_exception	: yes
cpuid level	: 13
wp		: yes
flags		: fpu vme de pse tsc msr pae mce cx8 apic sep mtrr pge mca cmov pat pse36 clflush dts acpi mmx fxsr sse sse2 ss ht tm pbe syscall nx pdpe1gb rdtscp lm constant_tsc arch_perfmon pebs bts rep_good nopl xtopology nonstop_tsc aperfmperf eagerfpu pni pclmulqdq dtes64 monitor ds_cpl vmx smx est tm2 ssse3 sdbg fma cx16 xtpr pdcm pcid sse4_1 sse4_2 x2apic movbe popcnt tsc_deadline_timer aes xsave avx f16c rdrand lahf_lm abm tpr_shadow vnmi flexpriority ept vpid fsgsbase tsc_adjust bmi1 hle avx2 smep bmi2 erms invpcid rtm xsaveopt dtherm ida arat pln pts
bugs		:
bogomips	: 6600.48
clflush size	: 64
cache_alignment	: 64
address sizes	: 39 bits physical, 48 bits virtual
power management:

processor	: 2
vendor_id	: GenuineIntel
cpu family	: 6
model		: 60
model name	: Intel(R) Core(TM) i5-4590 CPU @ 3.30GHz
stepping	: 3
microcode	: 0x17
cpu MHz		: 3499.933
cache size	: 6144 KB
physical id	: 0
siblings	: 4
core id		: 2
cpu cores	: 4
apicid		: 4
initial apicid	: 4
fpu		: yes
fpu_exception	: yes
cpuid level	: 13
wp		: yes
flags		: fpu vme de pse tsc msr pae mce cx8 apic sep mtrr pge mca cmov pat pse36 clflush dts acpi mmx fxsr sse sse2 ss ht tm pbe syscall nx pdpe1gb rdtscp lm constant_tsc arch_perfmon pebs bts rep_good nopl xtopology nonstop_tsc aperfmperf eagerfpu pni pclmulqdq dtes64 monitor ds_cpl vmx smx est tm2 ssse3 sdbg fma cx16 xtpr pdcm pcid sse4_1 sse4_2 x2apic movbe popcnt tsc_deadline_timer aes xsave avx f16c rdrand lahf_lm abm tpr_shadow vnmi flexpriority ept vpid fsgsbase tsc_adjust bmi1 hle avx2 smep bmi2 erms invpcid rtm xsaveopt dtherm ida arat pln pts
bugs		:
bogomips	: 6600.48
clflush size	: 64
cache_alignment	: 64
address sizes	: 39 bits physical, 48 bits virtual
power management:

processor	: 3
vendor_id	: GenuineIntel
cpu family	: 6
model		: 60
model name	: Intel(R) Core(TM) i5-4590 CPU @ 3.30GHz
stepping	: 3
microcode	: 0x17
cpu MHz		: 3499.933
cache size	: 6144 KB
physical id	: 0
siblings	: 4
core id		: 3
cpu cores	: 4
apicid		: 6
initial apicid	: 6
fpu		: yes
fpu_exception	: yes
cpuid level	: 13
wp		: yes
flags		: fpu vme de pse tsc msr pae mce cx8 apic sep mtrr pge mca cmov pat pse36 clflush dts acpi mmx fxsr sse sse2 ss ht tm pbe syscall nx pdpe1gb rdtscp lm constant_tsc arch_perfmon pebs bts rep_good nopl xtopology nonstop_tsc aperfmperf eagerfpu pni pclmulqdq dtes64 monitor ds_cpl vmx smx est tm2 ssse3 sdbg fma cx16 xtpr pdcm pcid sse4_1 sse4_2 x2apic movbe popcnt tsc_deadline_timer aes xsave avx f16c rdrand lahf_lm abm tpr_shadow vnmi flexpriority ept vpid fsgsbase tsc_adjust bmi1 hle avx2 smep bmi2 erms invpcid rtm xsaveopt dtherm ida arat pln pts
bugs		:
bogomips	: 6600.48
clflush size	: 64
cache_alignment	: 64
address sizes	: 39 bits physical, 48 bits virtual
power management:



Memory: 4k page, physical 8009712k(1048488k free), swap 8221692k(7494760k free)

vm_info: Java HotSpot(TM) 64-Bit Server VM (25.111-b14) for linux-amd64 JRE (1.8.0_111-b14), built on Sep 22 2016 16:14:03 by "java_re" with gcc 4.3.0 20080428 (Red Hat 4.3.0-8)

time: Fri Dec 30 12:37:14 2016
elapsed time: 1 seconds (0d 0h 0m 1s)

