#
# A fatal error has been detected by the Java Runtime Environment:
#
#  SIGSEGV (0xb) at pc=0x0000000000019b96, pid=23266, tid=0x00007f340be85700
#
# JRE version: Java(TM) SE Runtime Environment (8.0_111-b14) (build 1.8.0_111-b14)
# Java VM: Java HotSpot(TM) 64-Bit Server VM (25.111-b14 mixed mode linux-amd64 compressed oops)
# Problematic frame:
# C  0x0000000000019b96
#
# Failed to write core dump. Core dumps have been disabled. To enable core dumping, try "ulimit -c unlimited" before starting Java again
#
# If you would like to submit a bug report, please visit:
#   http://bugreport.java.com/bugreport/crash.jsp
# The crash happened outside the Java Virtual Machine in native code.
# See problematic frame for where to report the bug.
#

---------------  T H R E A D  ---------------

Current thread (0x00007f340400a800):  JavaThread "main" [_thread_in_native, id=23268, stack(0x00007f340bd85000,0x00007f340be86000)]

siginfo: si_signo: 11 (SIGSEGV), si_code: 1 (SEGV_MAPERR), si_addr: 0x0000000000019b96

Registers:
RAX=0x0000000000000000, RBX=0x00007f33e22b4bd8, RCX=0x0000000000000010, RDX=0x0000000000000000
RSP=0x00007f340be84638, RBP=0x00007f340be84670, RSI=0x00007f340be84700, RDI=0x0000000000000010
R8 =0x0000000000000046, R9 =0x0000000000000024, R10=0x00007f33f5017a08, R11=0x00007f340ac5ca70
R12=0x0000000000000000, R13=0x00007f33e22b4bd8, R14=0x00007f340be84700, R15=0x00007f340400a800
RIP=0x0000000000019b96, EFLAGS=0x0000000000010202, CSGSFS=0x0000000000000033, ERR=0x0000000000000014
  TRAPNO=0x000000000000000e

Top of Stack: (sp=0x00007f340be84638)
0x00007f340be84638:   00007f33e1e82fcc 00007f340be846e0
0x00007f340be84648:   00007f00f51165d9 00007f340be84700
0x00007f340be84658:   00007f340400a9f8 00007f340be846c0
0x00007f340be84668:   00007f33f5007a90 00007f340be846d8
0x00007f340be84678:   00007f33f5017a34 00007f340be846e0
0x00007f340be84688:   00007f33f50082bd 00007f33f50082bd
0x00007f340be84698:   00007f340be84698 0000000000000000
0x00007f340be846a8:   00007f340be84700 00007f33e22c8758
0x00007f340be846b8:   0000000000000000 00007f33e22b4bd8
0x00007f340be846c8:   0000000000000000 00007f340be846f8
0x00007f340be846d8:   00007f340be84748 00007f33f50082bd
0x00007f340be846e8:   0000000000000000 00007f33f5011538
0x00007f340be846f8:   0000000000000000 00000000d8f3f4f8
0x00007f340be84708:   00007f340be84708 00007f33e22af74e
0x00007f340be84718:   00007f340be84790 00007f33e22b02c8
0x00007f340be84728:   0000000000000000 00007f33e22af9c0
0x00007f340be84738:   00007f340be846f8 00007f340be84788
0x00007f340be84748:   00007f340be847d8 00007f33f5008114
0x00007f340be84758:   0000000000000000 0000000000000000
0x00007f340be84768:   0000000000000000 0000000000000000
0x00007f340be84778:   0000000000000000 0000000000000000
0x00007f340be84788:   00000000d8f2ed88 00000000d8ef6558
0x00007f340be84798:   00007f340be84798 00007f33e229f8d0
0x00007f340be847a8:   00007f340be84818 00007f33e22a00e0
0x00007f340be847b8:   0000000000000000 00007f33e229fa18
0x00007f340be847c8:   00007f340be84788 00007f340be84818
0x00007f340be847d8:   00007f340be84860 00007f33f5008040
0x00007f340be847e8:   0000000000000000 0000000000000000
0x00007f340be847f8:   0000000000000000 00000000d8ef6558
0x00007f340be84808:   00000000d8f2ee98 00000000d8f2ed70
0x00007f340be84818:   00000000d8f2ecf8 00007f340be84820
0x00007f340be84828:   00007f33f0b0f177 00007f340be848e0 

Instructions: (pc=0x0000000000019b96)
0x0000000000019b76:   
[error occurred during error reporting (printing registers, top of stack, instructions near pc), id 0xb]

Register to memory mapping:

RAX=0x0000000000000000 is an unknown value
RBX={method} {0x00007f33e22b4bd8} 'enablePrints' '(Z)V' in 'org/gnu/glpk/GlpkSolver'
RCX=0x0000000000000010 is an unknown value
RDX=0x0000000000000000 is an unknown value
RSP=0x00007f340be84638 is pointing into the stack for thread: 0x00007f340400a800
RBP=0x00007f340be84670 is pointing into the stack for thread: 0x00007f340400a800
RSI=0x00007f340be84700 is pointing into the stack for thread: 0x00007f340400a800
RDI=0x0000000000000010 is an unknown value
R8 =0x0000000000000046 is an unknown value
R9 =0x0000000000000024 is an unknown value
R10=0x00007f33f5017a08 is at code_begin+808 in an Interpreter codelet
method entry point (kind = native)  [0x00007f33f50176e0, 0x00007f33f5017fe0]  2304 bytes
R11=0x00007f340ac5ca70: <offset 0x9c2a70> in /usr/lib/jvm/java-8-oracle/jre/lib/amd64/server/libjvm.so at 0x00007f340a29a000
R12=0x0000000000000000 is an unknown value
R13={method} {0x00007f33e22b4bd8} 'enablePrints' '(Z)V' in 'org/gnu/glpk/GlpkSolver'
R14=0x00007f340be84700 is pointing into the stack for thread: 0x00007f340400a800
R15=0x00007f340400a800 is a thread


Stack: [0x00007f340bd85000,0x00007f340be86000],  sp=0x00007f340be84638,  free space=1021k
Native frames: (J=compiled Java code, j=interpreted, Vv=VM code, C=native code)
C  0x0000000000019b96
j  org.gnu.glpk.GlpkSolver.enablePrints(Z)V+0
j  scpsolver.lpsolver.GLPKSolver.solve(Lscpsolver/problems/LinearProgram;)[D+110
j  ilpSolver.NaiveBinaryIPSolver.solve()[Z+336
j  statementGraph.ASTParserUtils.parse(Ljava/lang/String;Ljava/lang/String;)V+287
j  statementGraph.ASTParserUtils.main([Ljava/lang/String;)V+10
v  ~StubRoutines::call_stub
V  [libjvm.so+0x690206]  JavaCalls::call_helper(JavaValue*, methodHandle*, JavaCallArguments*, Thread*)+0x1056
V  [libjvm.so+0x6d1612]  jni_invoke_static(JNIEnv_*, JavaValue*, _jobject*, JNICallType, _jmethodID*, JNI_ArgumentPusher*, Thread*)+0x362
V  [libjvm.so+0x6ede7a]  jni_CallStaticVoidMethod+0x17a
C  [libjli.so+0x7bdf]  JavaMain+0x81f
C  [libpthread.so.0+0x8184]  start_thread+0xc4

Java frames: (J=compiled Java code, j=interpreted, Vv=VM code)
j  org.gnu.glpk.GlpkSolver.enablePrints(Z)V+0
j  scpsolver.lpsolver.GLPKSolver.solve(Lscpsolver/problems/LinearProgram;)[D+110
j  ilpSolver.NaiveBinaryIPSolver.solve()[Z+336
j  statementGraph.ASTParserUtils.parse(Ljava/lang/String;Ljava/lang/String;)V+287
j  statementGraph.ASTParserUtils.main([Ljava/lang/String;)V+10
v  ~StubRoutines::call_stub

---------------  P R O C E S S  ---------------

Java Threads: ( => current thread )
  0x00007f34040c1000 JavaThread "Service Thread" daemon [_thread_blocked, id=23284, stack(0x00007f33e26a9000,0x00007f33e27aa000)]
  0x00007f34040be000 JavaThread "C1 CompilerThread2" daemon [_thread_blocked, id=23283, stack(0x00007f33e27aa000,0x00007f33e28ab000)]
  0x00007f34040bc000 JavaThread "C2 CompilerThread1" daemon [_thread_blocked, id=23282, stack(0x00007f33e28ab000,0x00007f33e29ac000)]
  0x00007f34040b9800 JavaThread "C2 CompilerThread0" daemon [_thread_blocked, id=23281, stack(0x00007f33e29ac000,0x00007f33e2aad000)]
  0x00007f34040b8000 JavaThread "Signal Dispatcher" daemon [_thread_blocked, id=23280, stack(0x00007f33e2aad000,0x00007f33e2bae000)]
  0x00007f3404084800 JavaThread "Finalizer" daemon [_thread_blocked, id=23279, stack(0x00007f33e3290000,0x00007f33e3391000)]
  0x00007f3404080000 JavaThread "Reference Handler" daemon [_thread_blocked, id=23278, stack(0x00007f33e3391000,0x00007f33e3492000)]
=>0x00007f340400a800 JavaThread "main" [_thread_in_native, id=23268, stack(0x00007f340bd85000,0x00007f340be86000)]

Other Threads:
  0x00007f3404078800 VMThread [stack: 0x00007f33e3492000,0x00007f33e3593000] [id=23277]
  0x00007f34040c4000 WatcherThread [stack: 0x00007f33e25a8000,0x00007f33e26a9000] [id=23285]

VM state:not at safepoint (normal execution)

VM Mutex/Monitor currently owned by a thread: None

Heap:
 PSYoungGen      total 36864K, used 33479K [0x00000000d7400000, 0x00000000dbc00000, 0x0000000100000000)
  eden space 31744K, 89% used [0x00000000d7400000,0x00000000d8fb5d80,0x00000000d9300000)
  from space 5120K, 99% used [0x00000000d9300000,0x00000000d97fc000,0x00000000d9800000)
  to   space 5120K, 0% used [0x00000000db700000,0x00000000db700000,0x00000000dbc00000)
 ParOldGen       total 84992K, used 2162K [0x0000000085c00000, 0x000000008af00000, 0x00000000d7400000)
  object space 84992K, 2% used [0x0000000085c00000,0x0000000085e1cad0,0x000000008af00000)
 Metaspace       used 12755K, capacity 12886K, committed 13056K, reserved 1060864K
  class space    used 1177K, capacity 1201K, committed 1280K, reserved 1048576K

Card table byte_map: [0x00007f3408769000,0x00007f3408b3c000] byte_map_base: 0x00007f340833b000

Marking Bits: (ParMarkBitMap*) 0x00007f340b25d220
 Begin Bits: [0x00007f33f12e0000, 0x00007f33f3170000)
 End Bits:   [0x00007f33f3170000, 0x00007f33f5000000)

Polling page: 0x00007f340bea6000

CodeCache: size=245760Kb used=3910Kb max_used=3923Kb free=241849Kb
 bounds [0x00007f33f5000000, 0x00007f33f53e0000, 0x00007f3404000000]
 total_blobs=1252 nmethods=908 adapters=258
 compilation: enabled

Compilation events (10 events):
Event: 0.653 Thread 0x00007f34040be000  904       3       org.eclipse.jdt.core.dom.ASTNode::getNodeType (8 bytes)
Event: 0.653 Thread 0x00007f34040be000 nmethod 904 0x00007f33f53c7ad0 code [0x00007f33f53c7c20, 0x00007f33f53c7d70]
Event: 0.653 Thread 0x00007f34040be000  905       1       java.util.ArrayList::access$100 (5 bytes)
Event: 0.653 Thread 0x00007f34040be000 nmethod 905 0x00007f33f53c7810 code [0x00007f33f53c7960, 0x00007f33f53c7a50]
Event: 0.656 Thread 0x00007f34040bc000  906   !   4       java.util.zip.InflaterInputStream::read (138 bytes)
Event: 0.663 Thread 0x00007f34040bc000 nmethod 906 0x00007f33f53d6cd0 code [0x00007f33f53d6ec0, 0x00007f33f53d7c78]
Event: 0.669 Thread 0x00007f34040b9800  907       4       java.io.FilterInputStream::read (9 bytes)
Event: 0.669 Thread 0x00007f34040bc000  908  s    4       java.io.BufferedOutputStream::write (67 bytes)
Event: 0.670 Thread 0x00007f34040b9800 nmethod 907 0x00007f33f53c8b90 code [0x00007f33f53c8ce0, 0x00007f33f53c8da8]
Event: 0.672 Thread 0x00007f34040bc000 nmethod 908 0x00007f33f53c6dd0 code [0x00007f33f53c6f40, 0x00007f33f53c7528]

GC Heap History (2 events):
Event: 0.378 GC heap before
{Heap before GC invocations=1 (full 0):
 PSYoungGen      total 36864K, used 31744K [0x00000000d7400000, 0x00000000d9d00000, 0x0000000100000000)
  eden space 31744K, 100% used [0x00000000d7400000,0x00000000d9300000,0x00000000d9300000)
  from space 5120K, 0% used [0x00000000d9800000,0x00000000d9800000,0x00000000d9d00000)
  to   space 5120K, 0% used [0x00000000d9300000,0x00000000d9300000,0x00000000d9800000)
 ParOldGen       total 84992K, used 0K [0x0000000085c00000, 0x000000008af00000, 0x00000000d7400000)
  object space 84992K, 0% used [0x0000000085c00000,0x0000000085c00000,0x000000008af00000)
 Metaspace       used 8706K, capacity 8822K, committed 9088K, reserved 1056768K
  class space    used 803K, capacity 849K, committed 896K, reserved 1048576K
Event: 0.383 GC heap after
Heap after GC invocations=1 (full 0):
 PSYoungGen      total 36864K, used 5104K [0x00000000d7400000, 0x00000000dbc00000, 0x0000000100000000)
  eden space 31744K, 0% used [0x00000000d7400000,0x00000000d7400000,0x00000000d9300000)
  from space 5120K, 99% used [0x00000000d9300000,0x00000000d97fc000,0x00000000d9800000)
  to   space 5120K, 0% used [0x00000000db700000,0x00000000db700000,0x00000000dbc00000)
 ParOldGen       total 84992K, used 2162K [0x0000000085c00000, 0x000000008af00000, 0x00000000d7400000)
  object space 84992K, 2% used [0x0000000085c00000,0x0000000085e1cad0,0x000000008af00000)
 Metaspace       used 8706K, capacity 8822K, committed 9088K, reserved 1056768K
  class space    used 803K, capacity 849K, committed 896K, reserved 1048576K
}

Deoptimization events (10 events):
Event: 0.107 Thread 0x00007f340400a800 Uncommon trap: reason=unstable_if action=reinterpret pc=0x00007f33f5152360 method=java.util.HashMap.putVal(ILjava/lang/Object;Ljava/lang/Object;ZZ)Ljava/lang/Object; @ 69
Event: 0.227 Thread 0x00007f340400a800 Uncommon trap: reason=unstable_if action=reinterpret pc=0x00007f33f51dec34 method=java.lang.String.indexOf([CII[CIII)I @ 134
Event: 0.229 Thread 0x00007f340400a800 Uncommon trap: reason=unstable_if action=reinterpret pc=0x00007f33f51ba1e4 method=java.util.HashMap.getNode(ILjava/lang/Object;)Ljava/util/HashMap$Node; @ 116
Event: 0.229 Thread 0x00007f340400a800 Uncommon trap: reason=unstable_if action=reinterpret pc=0x00007f33f51db99c method=java.util.HashMap.getNode(ILjava/lang/Object;)Ljava/util/HashMap$Node; @ 116
Event: 0.296 Thread 0x00007f340400a800 Uncommon trap: reason=unstable_if action=reinterpret pc=0x00007f33f51fe2d4 method=java.lang.String.replace(CC)Ljava/lang/String; @ 26
Event: 0.311 Thread 0x00007f340400a800 Uncommon trap: reason=unstable_if action=reinterpret pc=0x00007f33f52321c8 method=java.util.HashMap.tableSizeFor(I)I @ 37
Event: 0.496 Thread 0x00007f340400a800 Uncommon trap: reason=unstable_if action=reinterpret pc=0x00007f33f52269ac method=java.util.HashMap.resize()[Ljava/util/HashMap$Node; @ 56
Event: 0.550 Thread 0x00007f340400a800 Uncommon trap: reason=bimorphic action=maybe_recompile pc=0x00007f33f5315da8 method=java.util.Hashtable.put(Ljava/lang/Object;Ljava/lang/Object;)Ljava/lang/Object; @ 18
Event: 0.623 Thread 0x00007f340400a800 Uncommon trap: reason=unstable_if action=reinterpret pc=0x00007f33f516e1a4 method=java.lang.ref.SoftReference.get()Ljava/lang/Object; @ 17
Event: 0.629 Thread 0x00007f340400a800 Uncommon trap: reason=unloaded action=reinterpret pc=0x00007f33f5318be0 method=java.util.zip.ZipEntry.setExtra0([BZ)V @ 37

Internal exceptions (10 events):
Event: 0.631 Thread 0x00007f340400a800 Exception <a 'java/io/FileNotFoundException'> (0x00000000d8f01f10) thrown at [/HUDSON3/workspace/8-2-build-linux-amd64/jdk8u111/7883/hotspot/src/share/vm/prims/jni.cpp, line 709]
Event: 0.631 Thread 0x00007f340400a800 Exception <a 'java/io/FileNotFoundException'> (0x00000000d8f02978) thrown at [/HUDSON3/workspace/8-2-build-linux-amd64/jdk8u111/7883/hotspot/src/share/vm/prims/jni.cpp, line 709]
Event: 0.631 Thread 0x00007f340400a800 Exception <a 'java/io/FileNotFoundException'> (0x00000000d8f032b8) thrown at [/HUDSON3/workspace/8-2-build-linux-amd64/jdk8u111/7883/hotspot/src/share/vm/prims/jni.cpp, line 709]
Event: 0.631 Thread 0x00007f340400a800 Exception <a 'java/io/FileNotFoundException'> (0x00000000d8f03bc8) thrown at [/HUDSON3/workspace/8-2-build-linux-amd64/jdk8u111/7883/hotspot/src/share/vm/prims/jni.cpp, line 709]
Event: 0.631 Thread 0x00007f340400a800 Exception <a 'java/io/FileNotFoundException'> (0x00000000d8f044e8) thrown at [/HUDSON3/workspace/8-2-build-linux-amd64/jdk8u111/7883/hotspot/src/share/vm/prims/jni.cpp, line 709]
Event: 0.652 Thread 0x00007f340400a800 Exception <a 'java/io/FileNotFoundException'> (0x00000000d8f39530) thrown at [/HUDSON3/workspace/8-2-build-linux-amd64/jdk8u111/7883/hotspot/src/share/vm/prims/jni.cpp, line 709]
Event: 0.652 Thread 0x00007f340400a800 Exception <a 'java/io/FileNotFoundException'> (0x00000000d8f39f38) thrown at [/HUDSON3/workspace/8-2-build-linux-amd64/jdk8u111/7883/hotspot/src/share/vm/prims/jni.cpp, line 709]
Event: 0.652 Thread 0x00007f340400a800 Exception <a 'java/io/FileNotFoundException'> (0x00000000d8f3a878) thrown at [/HUDSON3/workspace/8-2-build-linux-amd64/jdk8u111/7883/hotspot/src/share/vm/prims/jni.cpp, line 709]
Event: 0.652 Thread 0x00007f340400a800 Exception <a 'java/io/FileNotFoundException'> (0x00000000d8f3b188) thrown at [/HUDSON3/workspace/8-2-build-linux-amd64/jdk8u111/7883/hotspot/src/share/vm/prims/jni.cpp, line 709]
Event: 0.652 Thread 0x00007f340400a800 Exception <a 'java/io/FileNotFoundException'> (0x00000000d8f3baa8) thrown at [/HUDSON3/workspace/8-2-build-linux-amd64/jdk8u111/7883/hotspot/src/share/vm/prims/jni.cpp, line 709]

Events (10 events):
Event: 0.631 loading class java/util/concurrent/TimeUnit$7
Event: 0.631 loading class java/util/concurrent/TimeUnit$7 done
Event: 0.631 loading class java/nio/file/attribute/FileTime
Event: 0.631 loading class java/nio/file/attribute/FileTime done
Event: 0.649 loading class scpsolver/lpsolver/LPSOLVESolver
Event: 0.649 loading class scpsolver/lpsolver/LPSOLVESolver done
Event: 0.650 loading class lpsolve/LpSolveException
Event: 0.650 loading class lpsolve/LpSolveException done
Event: 0.650 loading class org/gnu/glpk/GlpkSolver
Event: 0.650 loading class org/gnu/glpk/GlpkSolver done


Dynamic libraries:
00400000-00401000 r-xp 00000000 08:02 2389277                            /usr/lib/jvm/java-8-oracle/bin/java
00600000-00601000 rw-p 00000000 08:02 2389277                            /usr/lib/jvm/java-8-oracle/bin/java
0186d000-0188e000 rw-p 00000000 00:00 0                                  [heap]
85c00000-8af00000 rw-p 00000000 00:00 0 
8af00000-d7400000 ---p 00000000 00:00 0 
d7400000-dbc00000 rw-p 00000000 00:00 0 
dbc00000-100000000 ---p 00000000 00:00 0 
100000000-100140000 rw-p 00000000 00:00 0 
100140000-140000000 ---p 00000000 00:00 0 
7f33b4000000-7f33b4021000 rw-p 00000000 00:00 0 
7f33b4021000-7f33b8000000 ---p 00000000 00:00 0 
7f33bc000000-7f33bca4b000 rw-p 00000000 00:00 0 
7f33bca4b000-7f33c0000000 ---p 00000000 00:00 0 
7f33c0000000-7f33c0021000 rw-p 00000000 00:00 0 
7f33c0021000-7f33c4000000 ---p 00000000 00:00 0 
7f33c4000000-7f33c429b000 rw-p 00000000 00:00 0 
7f33c429b000-7f33c8000000 ---p 00000000 00:00 0 
7f33c8000000-7f33c84ef000 rw-p 00000000 00:00 0 
7f33c84ef000-7f33cc000000 ---p 00000000 00:00 0 
7f33cc000000-7f33cc021000 rw-p 00000000 00:00 0 
7f33cc021000-7f33d0000000 ---p 00000000 00:00 0 
7f33d0000000-7f33d0021000 rw-p 00000000 00:00 0 
7f33d0021000-7f33d4000000 ---p 00000000 00:00 0 
7f33d4000000-7f33d4021000 rw-p 00000000 00:00 0 
7f33d4021000-7f33d8000000 ---p 00000000 00:00 0 
7f33d8000000-7f33d8021000 rw-p 00000000 00:00 0 
7f33d8021000-7f33dc000000 ---p 00000000 00:00 0 
7f33dc000000-7f33dc021000 rw-p 00000000 00:00 0 
7f33dc021000-7f33e0000000 ---p 00000000 00:00 0 
7f33e1e66000-7f33e1f61000 r-xp 00000000 08:02 142860                     /home/yuan/Desktop/PL research/eclipseWorkSpace/javaSrcCompress/libglpkjni_x64.so
7f33e1f61000-7f33e2161000 ---p 000fb000 08:02 142860                     /home/yuan/Desktop/PL research/eclipseWorkSpace/javaSrcCompress/libglpkjni_x64.so
7f33e2161000-7f33e2162000 r--p 000fb000 08:02 142860                     /home/yuan/Desktop/PL research/eclipseWorkSpace/javaSrcCompress/libglpkjni_x64.so
7f33e2162000-7f33e2165000 rw-p 000fc000 08:02 142860                     /home/yuan/Desktop/PL research/eclipseWorkSpace/javaSrcCompress/libglpkjni_x64.so
7f33e2165000-7f33e22e5000 rw-p 00000000 00:00 0 
7f33e22e5000-7f33e2365000 ---p 00000000 00:00 0 
7f33e2365000-7f33e2565000 rw-p 00000000 00:00 0 
7f33e2565000-7f33e2578000 r--s 00345000 08:02 2250070                    /usr/lib/jvm/java-8-oracle/jre/lib/resources.jar
7f33e2578000-7f33e25a8000 r--s 00547000 08:02 143013                     /home/yuan/Desktop/PL research/eclipseWorkSpace/javaSrcCompress/external lib/org.eclipse.jdt.core_3.11.2.v20160128-0629.jar
7f33e25a8000-7f33e25a9000 ---p 00000000 00:00 0 
7f33e25a9000-7f33e26a9000 rw-p 00000000 00:00 0 
7f33e26a9000-7f33e26ac000 ---p 00000000 00:00 0 
7f33e26ac000-7f33e27aa000 rw-p 00000000 00:00 0 
7f33e27aa000-7f33e27ad000 ---p 00000000 00:00 0 
7f33e27ad000-7f33e28ab000 rw-p 00000000 00:00 0 
7f33e28ab000-7f33e28ae000 ---p 00000000 00:00 0 
7f33e28ae000-7f33e29ac000 rw-p 00000000 00:00 0 
7f33e29ac000-7f33e29af000 ---p 00000000 00:00 0 
7f33e29af000-7f33e2aad000 rw-p 00000000 00:00 0 
7f33e2aad000-7f33e2ab0000 ---p 00000000 00:00 0 
7f33e2ab0000-7f33e2bae000 rw-p 00000000 00:00 0 
7f33e2bae000-7f33e3290000 r--p 00000000 08:02 1186824                    /usr/lib/locale/locale-archive
7f33e3290000-7f33e3293000 ---p 00000000 00:00 0 
7f33e3293000-7f33e3391000 rw-p 00000000 00:00 0 
7f33e3391000-7f33e3394000 ---p 00000000 00:00 0 
7f33e3394000-7f33e3492000 rw-p 00000000 00:00 0 
7f33e3492000-7f33e3493000 ---p 00000000 00:00 0 
7f33e3493000-7f33e4000000 rw-p 00000000 00:00 0 
7f33e4000000-7f33e4021000 rw-p 00000000 00:00 0 
7f33e4021000-7f33e8000000 ---p 00000000 00:00 0 
7f33e8000000-7f33e8021000 rw-p 00000000 00:00 0 
7f33e8021000-7f33ec000000 ---p 00000000 00:00 0 
7f33ec000000-7f33ec021000 rw-p 00000000 00:00 0 
7f33ec021000-7f33f0000000 ---p 00000000 00:00 0 
7f33f0003000-7f33f0004000 rw-p 00000000 00:00 0 
7f33f0004000-7f33f0009000 r--s 00084000 08:02 2250090                    /usr/lib/jvm/java-8-oracle/jre/lib/jfr.jar
7f33f0009000-7f33f000e000 r--s 002f9000 08:02 2250071                    /usr/lib/jvm/java-8-oracle/jre/lib/charsets.jar
7f33f000e000-7f33f0010000 r--s 0000c000 08:02 131831                     /home/yuan/Desktop/PL research/eclipseWorkSpace/javaSrcCompress/external lib/json-20160810.jar
7f33f0010000-7f33f0536000 rw-p 00000000 00:00 0 
7f33f0536000-7f33f070e000 r--s 03d2a000 08:02 2250231                    /usr/lib/jvm/java-8-oracle/jre/lib/rt.jar
7f33f070e000-7f33f5000000 rw-p 00000000 00:00 0 
7f33f5000000-7f33f53e0000 rwxp 00000000 00:00 0 
7f33f53e0000-7f3404000000 ---p 00000000 00:00 0 
7f3404000000-7f340489d000 rw-p 00000000 00:00 0 
7f340489d000-7f3408000000 ---p 00000000 00:00 0 
7f3408000000-7f3408001000 rw-p 00000000 00:00 0 
7f3408001000-7f3408011000 r--s 00100000 08:02 142476                     /home/yuan/Desktop/PL research/eclipseWorkSpace/javaSrcCompress/external lib/org.eclipse.osgi_3.5.2.R35x_v20100126.jar
7f3408011000-7f3408014000 r--s 00016000 08:02 141246                     /home/yuan/Desktop/PL research/eclipseWorkSpace/javaSrcCompress/external lib/org.eclipse.equinox.preferences_3.2.301.R35x_v20091117.jar
7f3408014000-7f34080d9000 rw-p 00000000 00:00 0 
7f34080d9000-7f34080da000 ---p 00000000 00:00 0 
7f34080da000-7f34081da000 rw-p 00000000 00:00 0 
7f34081da000-7f34081db000 ---p 00000000 00:00 0 
7f34081db000-7f34082db000 rw-p 00000000 00:00 0 
7f34082db000-7f34082dc000 ---p 00000000 00:00 0 
7f34082dc000-7f34083dc000 rw-p 00000000 00:00 0 
7f34083dc000-7f34083dd000 ---p 00000000 00:00 0 
7f34083dd000-7f3408507000 rw-p 00000000 00:00 0 
7f3408507000-7f3408769000 ---p 00000000 00:00 0 
7f3408769000-7f3408793000 rw-p 00000000 00:00 0 
7f3408793000-7f34089f5000 ---p 00000000 00:00 0 
7f34089f5000-7f3408a19000 rw-p 00000000 00:00 0 
7f3408a19000-7f3408b3b000 ---p 00000000 00:00 0 
7f3408b3b000-7f3408b4c000 rw-p 00000000 00:00 0 
7f3408b4c000-7f3408efc000 ---p 00000000 00:00 0 
7f3408efc000-7f3408f16000 r-xp 00000000 08:02 2239653                    /usr/lib/jvm/java-8-oracle/jre/lib/amd64/libzip.so
7f3408f16000-7f3409116000 ---p 0001a000 08:02 2239653                    /usr/lib/jvm/java-8-oracle/jre/lib/amd64/libzip.so
7f3409116000-7f3409117000 rw-p 0001a000 08:02 2239653                    /usr/lib/jvm/java-8-oracle/jre/lib/amd64/libzip.so
7f3409117000-7f3409121000 r-xp 00000000 08:02 1575070                    /lib/x86_64-linux-gnu/libnss_files-2.19.so
7f3409121000-7f3409320000 ---p 0000a000 08:02 1575070                    /lib/x86_64-linux-gnu/libnss_files-2.19.so
7f3409320000-7f3409321000 r--p 00009000 08:02 1575070                    /lib/x86_64-linux-gnu/libnss_files-2.19.so
7f3409321000-7f3409322000 rw-p 0000a000 08:02 1575070                    /lib/x86_64-linux-gnu/libnss_files-2.19.so
7f3409322000-7f340932d000 r-xp 00000000 08:02 1575062                    /lib/x86_64-linux-gnu/libnss_nis-2.19.so
7f340932d000-7f340952c000 ---p 0000b000 08:02 1575062                    /lib/x86_64-linux-gnu/libnss_nis-2.19.so
7f340952c000-7f340952d000 r--p 0000a000 08:02 1575062                    /lib/x86_64-linux-gnu/libnss_nis-2.19.so
7f340952d000-7f340952e000 rw-p 0000b000 08:02 1575062                    /lib/x86_64-linux-gnu/libnss_nis-2.19.so
7f340952e000-7f3409545000 r-xp 00000000 08:02 1575058                    /lib/x86_64-linux-gnu/libnsl-2.19.so
7f3409545000-7f3409744000 ---p 00017000 08:02 1575058                    /lib/x86_64-linux-gnu/libnsl-2.19.so
7f3409744000-7f3409745000 r--p 00016000 08:02 1575058                    /lib/x86_64-linux-gnu/libnsl-2.19.so
7f3409745000-7f3409746000 rw-p 00017000 08:02 1575058                    /lib/x86_64-linux-gnu/libnsl-2.19.so
7f3409746000-7f3409748000 rw-p 00000000 00:00 0 
7f3409748000-7f3409751000 r-xp 00000000 08:02 1575057                    /lib/x86_64-linux-gnu/libnss_compat-2.19.so
7f3409751000-7f3409950000 ---p 00009000 08:02 1575057                    /lib/x86_64-linux-gnu/libnss_compat-2.19.so
7f3409950000-7f3409951000 r--p 00008000 08:02 1575057                    /lib/x86_64-linux-gnu/libnss_compat-2.19.so
7f3409951000-7f3409952000 rw-p 00009000 08:02 1575057                    /lib/x86_64-linux-gnu/libnss_compat-2.19.so
7f3409952000-7f340997d000 r-xp 00000000 08:02 2250041                    /usr/lib/jvm/java-8-oracle/jre/lib/amd64/libjava.so
7f340997d000-7f3409b7c000 ---p 0002b000 08:02 2250041                    /usr/lib/jvm/java-8-oracle/jre/lib/amd64/libjava.so
7f3409b7c000-7f3409b7e000 rw-p 0002a000 08:02 2250041                    /usr/lib/jvm/java-8-oracle/jre/lib/amd64/libjava.so
7f3409b7e000-7f3409b8b000 r-xp 00000000 08:02 2250053                    /usr/lib/jvm/java-8-oracle/jre/lib/amd64/libverify.so
7f3409b8b000-7f3409d8a000 ---p 0000d000 08:02 2250053                    /usr/lib/jvm/java-8-oracle/jre/lib/amd64/libverify.so
7f3409d8a000-7f3409d8c000 rw-p 0000c000 08:02 2250053                    /usr/lib/jvm/java-8-oracle/jre/lib/amd64/libverify.so
7f3409d8c000-7f3409d93000 r-xp 00000000 08:02 1575066                    /lib/x86_64-linux-gnu/librt-2.19.so
7f3409d93000-7f3409f92000 ---p 00007000 08:02 1575066                    /lib/x86_64-linux-gnu/librt-2.19.so
7f3409f92000-7f3409f93000 r--p 00006000 08:02 1575066                    /lib/x86_64-linux-gnu/librt-2.19.so
7f3409f93000-7f3409f94000 rw-p 00007000 08:02 1575066                    /lib/x86_64-linux-gnu/librt-2.19.so
7f3409f94000-7f340a099000 r-xp 00000000 08:02 1575045                    /lib/x86_64-linux-gnu/libm-2.19.so
7f340a099000-7f340a298000 ---p 00105000 08:02 1575045                    /lib/x86_64-linux-gnu/libm-2.19.so
7f340a298000-7f340a299000 r--p 00104000 08:02 1575045                    /lib/x86_64-linux-gnu/libm-2.19.so
7f340a299000-7f340a29a000 rw-p 00105000 08:02 1575045                    /lib/x86_64-linux-gnu/libm-2.19.so
7f340a29a000-7f340af67000 r-xp 00000000 08:02 2250022                    /usr/lib/jvm/java-8-oracle/jre/lib/amd64/server/libjvm.so
7f340af67000-7f340b166000 ---p 00ccd000 08:02 2250022                    /usr/lib/jvm/java-8-oracle/jre/lib/amd64/server/libjvm.so
7f340b166000-7f340b23f000 rw-p 00ccc000 08:02 2250022                    /usr/lib/jvm/java-8-oracle/jre/lib/amd64/server/libjvm.so
7f340b23f000-7f340b28a000 rw-p 00000000 00:00 0 
7f340b28a000-7f340b444000 r-xp 00000000 08:02 1575067                    /lib/x86_64-linux-gnu/libc-2.19.so
7f340b444000-7f340b644000 ---p 001ba000 08:02 1575067                    /lib/x86_64-linux-gnu/libc-2.19.so
7f340b644000-7f340b648000 r--p 001ba000 08:02 1575067                    /lib/x86_64-linux-gnu/libc-2.19.so
7f340b648000-7f340b64a000 rw-p 001be000 08:02 1575067                    /lib/x86_64-linux-gnu/libc-2.19.so
7f340b64a000-7f340b64f000 rw-p 00000000 00:00 0 
7f340b64f000-7f340b652000 r-xp 00000000 08:02 1575052                    /lib/x86_64-linux-gnu/libdl-2.19.so
7f340b652000-7f340b851000 ---p 00003000 08:02 1575052                    /lib/x86_64-linux-gnu/libdl-2.19.so
7f340b851000-7f340b852000 r--p 00002000 08:02 1575052                    /lib/x86_64-linux-gnu/libdl-2.19.so
7f340b852000-7f340b853000 rw-p 00003000 08:02 1575052                    /lib/x86_64-linux-gnu/libdl-2.19.so
7f340b853000-7f340b868000 r-xp 00000000 08:02 1979606                    /usr/lib/jvm/java-8-oracle/lib/amd64/jli/libjli.so
7f340b868000-7f340ba68000 ---p 00015000 08:02 1979606                    /usr/lib/jvm/java-8-oracle/lib/amd64/jli/libjli.so
7f340ba68000-7f340ba69000 rw-p 00015000 08:02 1979606                    /usr/lib/jvm/java-8-oracle/lib/amd64/jli/libjli.so
7f340ba69000-7f340ba82000 r-xp 00000000 08:02 1575059                    /lib/x86_64-linux-gnu/libpthread-2.19.so
7f340ba82000-7f340bc81000 ---p 00019000 08:02 1575059                    /lib/x86_64-linux-gnu/libpthread-2.19.so
7f340bc81000-7f340bc82000 r--p 00018000 08:02 1575059                    /lib/x86_64-linux-gnu/libpthread-2.19.so
7f340bc82000-7f340bc83000 rw-p 00019000 08:02 1575059                    /lib/x86_64-linux-gnu/libpthread-2.19.so
7f340bc83000-7f340bc87000 rw-p 00000000 00:00 0 
7f340bc87000-7f340bcaa000 r-xp 00000000 08:02 1575060                    /lib/x86_64-linux-gnu/ld-2.19.so
7f340bcaa000-7f340bcab000 rw-p 00000000 00:00 0 
7f340bcab000-7f340bcae000 r--s 00015000 08:02 141125                     /home/yuan/Desktop/PL research/eclipseWorkSpace/javaSrcCompress/external lib/org.eclipse.equinox.common_3.5.1.R35x_v20090807-1100.jar
7f340bcae000-7f340bcb8000 r--s 000a1000 08:02 142473                     /home/yuan/Desktop/PL research/eclipseWorkSpace/javaSrcCompress/external lib/org.eclipse.core.resources_3.5.2.R35x_v20091203-1235.jar
7f340bcb8000-7f340bcba000 r--s 00011000 08:02 141124                     /home/yuan/Desktop/PL research/eclipseWorkSpace/javaSrcCompress/external lib/org.eclipse.core.jobs_3.4.100.v20090429-1800.jar
7f340bcba000-7f340bd85000 rw-p 00000000 00:00 0 
7f340bd85000-7f340bd88000 ---p 00000000 00:00 0 
7f340bd88000-7f340be8b000 rw-p 00000000 00:00 0 
7f340be8b000-7f340be8e000 r--s 00012000 08:02 140103                     /home/yuan/Desktop/PL research/eclipseWorkSpace/javaSrcCompress/external lib/org.eclipse.core.contenttype_3.4.1.R35x_v20090826-0451.jar
7f340be8e000-7f340be90000 r--s 0000f000 08:02 142474                     /home/yuan/Desktop/PL research/eclipseWorkSpace/javaSrcCompress/external lib/org.eclipse.core.runtime_3.5.0.v20090525.jar
7f340be90000-7f340be93000 r--s 0001a000 08:02 2250230                    /usr/lib/jvm/java-8-oracle/jre/lib/jce.jar
7f340be93000-7f340be97000 r--s 00097000 08:02 2250227                    /usr/lib/jvm/java-8-oracle/jre/lib/jsse.jar
7f340be97000-7f340be9b000 r--s 00021000 08:02 140645                     /home/yuan/Desktop/PL research/eclipseWorkSpace/javaSrcCompress/external lib/SCPSolver.jar
7f340be9b000-7f340be9c000 r--s 00151000 08:02 140596                     /home/yuan/Desktop/PL research/eclipseWorkSpace/javaSrcCompress/external lib/LPSOLVESolverPack.jar
7f340be9c000-7f340be9d000 r--s 002bc000 08:02 266570                     /home/yuan/Desktop/PL research/eclipseWorkSpace/javaSrcCompress/external lib/GLPKSolverPack.jar
7f340be9d000-7f340bea5000 rw-s 00000000 08:02 3167840                    /tmp/hsperfdata_yuan/23266
7f340bea5000-7f340bea6000 rw-p 00000000 00:00 0 
7f340bea6000-7f340bea7000 r--p 00000000 00:00 0 
7f340bea7000-7f340bea9000 rw-p 00000000 00:00 0 
7f340bea9000-7f340beaa000 r--p 00022000 08:02 1575060                    /lib/x86_64-linux-gnu/ld-2.19.so
7f340beaa000-7f340beab000 rw-p 00023000 08:02 1575060                    /lib/x86_64-linux-gnu/ld-2.19.so
7f340beab000-7f340beac000 rw-p 00000000 00:00 0 
7ffc153d4000-7ffc153f5000 rw-p 00000000 00:00 0                          [stack]
7ffc153f7000-7ffc153f9000 r--p 00000000 00:00 0                          [vvar]
7ffc153f9000-7ffc153fb000 r-xp 00000000 00:00 0                          [vdso]
ffffffffff600000-ffffffffff601000 r-xp 00000000 00:00 0                  [vsyscall]

VM Arguments:
jvm_args: -Dfile.encoding=UTF-8 
java_command: statementGraph.ASTParserUtils
java_class_path (initial): /home/yuan/Desktop/PL research/eclipseWorkSpace/javaSrcCompress/bin:/home/yuan/Desktop/PL research/eclipseWorkSpace/javaSrcCompress/external lib/GLPKSolverPack.jar:/home/yuan/Desktop/PL research/eclipseWorkSpace/javaSrcCompress/external lib/LPSOLVESolverPack.jar:/home/yuan/Desktop/PL research/eclipseWorkSpace/javaSrcCompress/external lib/SCPSolver.jar:/home/yuan/Desktop/PL research/eclipseWorkSpace/javaSrcCompress/external lib/org.eclipse.jdt.core_3.11.2.v20160128-0629.jar:/home/yuan/Desktop/PL research/eclipseWorkSpace/javaSrcCompress/external lib/org.eclipse.core.runtime_3.5.0.v20090525.jar:/home/yuan/Desktop/PL research/eclipseWorkSpace/javaSrcCompress/external lib/org.eclipse.core.contenttype_3.4.1.R35x_v20090826-0451.jar:/home/yuan/Desktop/PL research/eclipseWorkSpace/javaSrcCompress/external lib/org.eclipse.core.jobs_3.4.100.v20090429-1800.jar:/home/yuan/Desktop/PL research/eclipseWorkSpace/javaSrcCompress/external lib/org.eclipse.core.resources_3.5.2.R35x_v20091203-1235.jar:/home/yuan/Desktop/PL research/eclipseWorkSpace/javaSrcCompress/external lib/org.eclipse.equinox.common_3.5.1.R35x_v20090807-1100.jar:/home/yuan/Desktop/PL research/eclipseWorkSpace/javaSrcCompress/external lib/org.eclipse.equinox.preferences_3.2.301.R35x_v20091117.jar:/home/yuan/Desktop/PL research/eclipseWorkSpace/javaSrcCompress/external lib/org.eclipse.osgi_3.5.2.R35x_v20100126.jar:/home/yuan/Desktop/PL research/eclipseWorkSpace/javaSrcCompress/external lib/json-20160810.jar
Launcher Type: SUN_STANDARD

Environment Variables:
JAVA_HOME=/usr/lib/jvm/java-8-oracle
PATH=/usr/local/sbin:/usr/local/bin:/usr/sbin:/usr/bin:/sbin:/bin:/usr/games:/usr/local/games:/usr/lib/jvm/java-8-oracle/bin:/usr/lib/jvm/java-8-oracle/db/bin:/usr/lib/jvm/java-8-oracle/jre/bin
SHELL=/bin/bash
DISPLAY=:0

Signal Handlers:
SIGSEGV: [libjvm.so+0xac64b0], sa_mask[0]=11111111011111111101111111111110, sa_flags=SA_RESTART|SA_SIGINFO
SIGBUS: [libjvm.so+0xac64b0], sa_mask[0]=11111111011111111101111111111110, sa_flags=SA_RESTART|SA_SIGINFO
SIGFPE: [libjvm.so+0x91f950], sa_mask[0]=11111111011111111101111111111110, sa_flags=SA_RESTART|SA_SIGINFO
SIGPIPE: [libjvm.so+0x91f950], sa_mask[0]=11111111011111111101111111111110, sa_flags=SA_RESTART|SA_SIGINFO
SIGXFSZ: [libjvm.so+0x91f950], sa_mask[0]=11111111011111111101111111111110, sa_flags=SA_RESTART|SA_SIGINFO
SIGILL: [libjvm.so+0x91f950], sa_mask[0]=11111111011111111101111111111110, sa_flags=SA_RESTART|SA_SIGINFO
SIGUSR1: SIG_DFL, sa_mask[0]=00000000000000000000000000000000, sa_flags=none
SIGUSR2: [libjvm.so+0x920f80], sa_mask[0]=00100000000000000000000000000000, sa_flags=SA_RESTART|SA_SIGINFO
SIGHUP: [libjvm.so+0x922380], sa_mask[0]=11111111011111111101111111111110, sa_flags=SA_RESTART|SA_SIGINFO
SIGINT: [libjvm.so+0x922380], sa_mask[0]=11111111011111111101111111111110, sa_flags=SA_RESTART|SA_SIGINFO
SIGTERM: [libjvm.so+0x922380], sa_mask[0]=11111111011111111101111111111110, sa_flags=SA_RESTART|SA_SIGINFO
SIGQUIT: [libjvm.so+0x922380], sa_mask[0]=11111111011111111101111111111110, sa_flags=SA_RESTART|SA_SIGINFO


---------------  S Y S T E M  ---------------

OS:DISTRIB_ID=Ubuntu
DISTRIB_RELEASE=14.04
DISTRIB_CODENAME=trusty
DISTRIB_DESCRIPTION="Ubuntu 14.04.5 LTS"

uname:Linux 4.4.0-57-generic #78~14.04.1-Ubuntu SMP Sat Dec 10 00:14:47 UTC 2016 x86_64
libc:glibc 2.19 NPTL 2.19 
rlimit: STACK 8192k, CORE 0k, NPROC 30267, NOFILE 4096, AS infinity
load average:0.29 0.19 0.09

/proc/meminfo:
MemTotal:        8009712 kB
MemFree:          379932 kB
MemAvailable:    3243552 kB
Buffers:          219984 kB
Cached:          3293008 kB
SwapCached:        87436 kB
Active:          5068776 kB
Inactive:        1947372 kB
Active(anon):    3306280 kB
Inactive(anon):   961492 kB
Active(file):    1762496 kB
Inactive(file):   985880 kB
Unevictable:         832 kB
Mlocked:             832 kB
SwapTotal:       8221692 kB
SwapFree:        7524596 kB
Dirty:               252 kB
Writeback:             0 kB
AnonPages:       3479200 kB
Mapped:           632340 kB
Shmem:            764516 kB
Slab:             469120 kB
SReclaimable:     419084 kB
SUnreclaim:        50036 kB
KernelStack:       12816 kB
PageTables:        62860 kB
NFS_Unstable:          0 kB
Bounce:                0 kB
WritebackTmp:          0 kB
CommitLimit:    12226548 kB
Committed_AS:   13572680 kB
VmallocTotal:   34359738367 kB
VmallocUsed:           0 kB
VmallocChunk:          0 kB
HardwareCorrupted:     0 kB
AnonHugePages:   1781760 kB
CmaTotal:              0 kB
CmaFree:               0 kB
HugePages_Total:       0
HugePages_Free:        0
HugePages_Rsvd:        0
HugePages_Surp:        0
Hugepagesize:       2048 kB
DirectMap4k:      194868 kB
DirectMap2M:     8028160 kB
DirectMap1G:     1048576 kB


CPU:total 4 (4 cores per cpu, 1 threads per core) family 6 model 60 stepping 3, cmov, cx8, fxsr, mmx, sse, sse2, sse3, ssse3, sse4.1, sse4.2, popcnt, avx, avx2, aes, clmul, erms, rtm, lzcnt, tsc, tscinvbit, bmi1, bmi2

/proc/cpuinfo:
processor	: 0
vendor_id	: GenuineIntel
cpu family	: 6
model		: 60
model name	: Intel(R) Core(TM) i5-4590 CPU @ 3.30GHz
stepping	: 3
microcode	: 0x17
cpu MHz		: 3661.968
cache size	: 6144 KB
physical id	: 0
siblings	: 4
core id		: 0
cpu cores	: 4
apicid		: 0
initial apicid	: 0
fpu		: yes
fpu_exception	: yes
cpuid level	: 13
wp		: yes
flags		: fpu vme de pse tsc msr pae mce cx8 apic sep mtrr pge mca cmov pat pse36 clflush dts acpi mmx fxsr sse sse2 ss ht tm pbe syscall nx pdpe1gb rdtscp lm constant_tsc arch_perfmon pebs bts rep_good nopl xtopology nonstop_tsc aperfmperf eagerfpu pni pclmulqdq dtes64 monitor ds_cpl vmx smx est tm2 ssse3 sdbg fma cx16 xtpr pdcm pcid sse4_1 sse4_2 x2apic movbe popcnt tsc_deadline_timer aes xsave avx f16c rdrand lahf_lm abm tpr_shadow vnmi flexpriority ept vpid fsgsbase tsc_adjust bmi1 hle avx2 smep bmi2 erms invpcid rtm xsaveopt dtherm ida arat pln pts
bugs		:
bogomips	: 6600.48
clflush size	: 64
cache_alignment	: 64
address sizes	: 39 bits physical, 48 bits virtual
power management:

processor	: 1
vendor_id	: GenuineIntel
cpu family	: 6
model		: 60
model name	: Intel(R) Core(TM) i5-4590 CPU @ 3.30GHz
stepping	: 3
microcode	: 0x17
cpu MHz		: 3554.203
cache size	: 6144 KB
physical id	: 0
siblings	: 4
core id		: 1
cpu cores	: 4
apicid		: 2
initial apicid	: 2
fpu		: yes
fpu_exception	: yes
cpuid level	: 13
wp		: yes
flags		: fpu vme de pse tsc msr pae mce cx8 apic sep mtrr pge mca cmov pat pse36 clflush dts acpi mmx fxsr sse sse2 ss ht tm pbe syscall nx pdpe1gb rdtscp lm constant_tsc arch_perfmon pebs bts rep_good nopl xtopology nonstop_tsc aperfmperf eagerfpu pni pclmulqdq dtes64 monitor ds_cpl vmx smx est tm2 ssse3 sdbg fma cx16 xtpr pdcm pcid sse4_1 sse4_2 x2apic movbe popcnt tsc_deadline_timer aes xsave avx f16c rdrand lahf_lm abm tpr_shadow vnmi flexpriority ept vpid fsgsbase tsc_adjust bmi1 hle avx2 smep bmi2 erms invpcid rtm xsaveopt dtherm ida arat pln pts
bugs		:
bogomips	: 6600.48
clflush size	: 64
cache_alignment	: 64
address sizes	: 39 bits physical, 48 bits virtual
power management:

processor	: 2
vendor_id	: GenuineIntel
cpu family	: 6
model		: 60
model name	: Intel(R) Core(TM) i5-4590 CPU @ 3.30GHz
stepping	: 3
microcode	: 0x17
cpu MHz		: 3595.582
cache size	: 6144 KB
physical id	: 0
siblings	: 4
core id		: 2
cpu cores	: 4
apicid		: 4
initial apicid	: 4
fpu		: yes
fpu_exception	: yes
cpuid level	: 13
wp		: yes
flags		: fpu vme de pse tsc msr pae mce cx8 apic sep mtrr pge mca cmov pat pse36 clflush dts acpi mmx fxsr sse sse2 ss ht tm pbe syscall nx pdpe1gb rdtscp lm constant_tsc arch_perfmon pebs bts rep_good nopl xtopology nonstop_tsc aperfmperf eagerfpu pni pclmulqdq dtes64 monitor ds_cpl vmx smx est tm2 ssse3 sdbg fma cx16 xtpr pdcm pcid sse4_1 sse4_2 x2apic movbe popcnt tsc_deadline_timer aes xsave avx f16c rdrand lahf_lm abm tpr_shadow vnmi flexpriority ept vpid fsgsbase tsc_adjust bmi1 hle avx2 smep bmi2 erms invpcid rtm xsaveopt dtherm ida arat pln pts
bugs		:
bogomips	: 6600.48
clflush size	: 64
cache_alignment	: 64
address sizes	: 39 bits physical, 48 bits virtual
power management:

processor	: 3
vendor_id	: GenuineIntel
cpu family	: 6
model		: 60
model name	: Intel(R) Core(TM) i5-4590 CPU @ 3.30GHz
stepping	: 3
microcode	: 0x17
cpu MHz		: 3684.527
cache size	: 6144 KB
physical id	: 0
siblings	: 4
core id		: 3
cpu cores	: 4
apicid		: 6
initial apicid	: 6
fpu		: yes
fpu_exception	: yes
cpuid level	: 13
wp		: yes
flags		: fpu vme de pse tsc msr pae mce cx8 apic sep mtrr pge mca cmov pat pse36 clflush dts acpi mmx fxsr sse sse2 ss ht tm pbe syscall nx pdpe1gb rdtscp lm constant_tsc arch_perfmon pebs bts rep_good nopl xtopology nonstop_tsc aperfmperf eagerfpu pni pclmulqdq dtes64 monitor ds_cpl vmx smx est tm2 ssse3 sdbg fma cx16 xtpr pdcm pcid sse4_1 sse4_2 x2apic movbe popcnt tsc_deadline_timer aes xsave avx f16c rdrand lahf_lm abm tpr_shadow vnmi flexpriority ept vpid fsgsbase tsc_adjust bmi1 hle avx2 smep bmi2 erms invpcid rtm xsaveopt dtherm ida arat pln pts
bugs		:
bogomips	: 6600.48
clflush size	: 64
cache_alignment	: 64
address sizes	: 39 bits physical, 48 bits virtual
power management:



Memory: 4k page, physical 8009712k(379932k free), swap 8221692k(7524596k free)

vm_info: Java HotSpot(TM) 64-Bit Server VM (25.111-b14) for linux-amd64 JRE (1.8.0_111-b14), built on Sep 22 2016 16:14:03 by "java_re" with gcc 4.3.0 20080428 (Red Hat 4.3.0-8)

time: Thu Dec 29 14:31:46 2016
elapsed time: 0 seconds (0d 0h 0m 0s)

