#
# A fatal error has been detected by the Java Runtime Environment:
#
#  SIGSEGV (0xb) at pc=0x0000000000019b96, pid=631, tid=0x00007f8d136fc700
#
# JRE version: Java(TM) SE Runtime Environment (8.0_111-b14) (build 1.8.0_111-b14)
# Java VM: Java HotSpot(TM) 64-Bit Server VM (25.111-b14 mixed mode linux-amd64 compressed oops)
# Problematic frame:
# C  0x0000000000019b96
#
# Failed to write core dump. Core dumps have been disabled. To enable core dumping, try "ulimit -c unlimited" before starting Java again
#
# If you would like to submit a bug report, please visit:
#   http://bugreport.java.com/bugreport/crash.jsp
# The crash happened outside the Java Virtual Machine in native code.
# See problematic frame for where to report the bug.
#

---------------  T H R E A D  ---------------

Current thread (0x00007f8d0c00a800):  JavaThread "main" [_thread_in_native, id=634, stack(0x00007f8d135fc000,0x00007f8d136fd000)]

siginfo: si_signo: 11 (SIGSEGV), si_code: 1 (SEGV_MAPERR), si_addr: 0x0000000000019b96

Registers:
RAX=0x0000000000000000, RBX=0x00007f8ce5764ce0, RCX=0x0000000000000010, RDX=0x0000000000000000
RSP=0x00007f8d136fb5b8, RBP=0x00007f8d136fb5f0, RSI=0x00007f8d136fb680, RDI=0x0000000000000010
R8 =0x0000000000000046, R9 =0x0000000000000024, R10=0x00007f8cfd017a08, R11=0x00007f8d124d3a70
R12=0x0000000000000000, R13=0x00007f8ce5764ce0, R14=0x00007f8d136fb680, R15=0x00007f8d0c00a800
RIP=0x0000000000019b96, EFLAGS=0x0000000000010206, CSGSFS=0x0000000000000033, ERR=0x0000000000000014
  TRAPNO=0x000000000000000e

Top of Stack: (sp=0x00007f8d136fb5b8)
0x00007f8d136fb5b8:   00007f8ce5427fcc 00007f8d136fb660
0x00007f8d136fb5c8:   00007f00fd1144d9 00007f8d136fb680
0x00007f8d136fb5d8:   00007f8d0c00a9f8 00007f8d136fb640
0x00007f8d136fb5e8:   00007f8cfd007a90 00007f8d136fb658
0x00007f8d136fb5f8:   00007f8cfd017a34 00007f8d136fb660
0x00007f8d136fb608:   00007f8cfd0082bd 00007f8cfd0082bd
0x00007f8d136fb618:   00007f8d136fb618 0000000000000000
0x00007f8d136fb628:   00007f8d136fb680 00007f8ce5768830
0x00007f8d136fb638:   0000000000000000 00007f8ce5764ce0
0x00007f8d136fb648:   0000000000000000 00007f8d136fb678
0x00007f8d136fb658:   00007f8d136fb6c8 00007f8cfd0082bd
0x00007f8d136fb668:   0000000000000000 00007f8cfd011538
0x00007f8d136fb678:   0000000000000000 00000000d92333e0
0x00007f8d136fb688:   00007f8d136fb688 00007f8ce575f856
0x00007f8d136fb698:   00007f8d136fb710 00007f8ce57603d0
0x00007f8d136fb6a8:   0000000000000000 00007f8ce575fac8
0x00007f8d136fb6b8:   00007f8d136fb678 00007f8d136fb708
0x00007f8d136fb6c8:   00007f8d136fb758 00007f8cfd008114
0x00007f8d136fb6d8:   0000000000000000 0000000000000000
0x00007f8d136fb6e8:   0000000000000000 0000000000000000
0x00007f8d136fb6f8:   0000000000000000 0000000000000000
0x00007f8d136fb708:   00000000d92086f8 00000000d91ca128
0x00007f8d136fb718:   00007f8d136fb718 00007f8ce5ad9dea
0x00007f8d136fb728:   00007f8d136fb798 00007f8ce5aeb600
0x00007f8d136fb738:   0000000000000000 00007f8ce5aeaf28
0x00007f8d136fb748:   00007f8d136fb708 00007f8d136fb798
0x00007f8d136fb758:   00007f8d136fb7f8 00007f8cfd008040
0x00007f8d136fb768:   0000000000000000 00000000d9222a88
0x00007f8d136fb778:   00000000861f7ec8 00000000d91ca128
0x00007f8d136fb788:   00000000d9208ca8 00000000d9208570
0x00007f8d136fb798:   00000000861f4ec0 00000000861f0c88
0x00007f8d136fb7a8:   c002000000000000 00000000861f4ec0 

Instructions: (pc=0x0000000000019b96)
0x0000000000019b76:   
[error occurred during error reporting (printing registers, top of stack, instructions near pc), id 0xb]

Register to memory mapping:

RAX=0x0000000000000000 is an unknown value
RBX={method} {0x00007f8ce5764ce0} 'enablePrints' '(Z)V' in 'org/gnu/glpk/GlpkSolver'
RCX=0x0000000000000010 is an unknown value
RDX=0x0000000000000000 is an unknown value
RSP=0x00007f8d136fb5b8 is pointing into the stack for thread: 0x00007f8d0c00a800
RBP=0x00007f8d136fb5f0 is pointing into the stack for thread: 0x00007f8d0c00a800
RSI=0x00007f8d136fb680 is pointing into the stack for thread: 0x00007f8d0c00a800
RDI=0x0000000000000010 is an unknown value
R8 =0x0000000000000046 is an unknown value
R9 =0x0000000000000024 is an unknown value
R10=0x00007f8cfd017a08 is at code_begin+808 in an Interpreter codelet
method entry point (kind = native)  [0x00007f8cfd0176e0, 0x00007f8cfd017fe0]  2304 bytes
R11=0x00007f8d124d3a70: <offset 0x9c2a70> in /usr/lib/jvm/java-8-oracle/jre/lib/amd64/server/libjvm.so at 0x00007f8d11b11000
R12=0x0000000000000000 is an unknown value
R13={method} {0x00007f8ce5764ce0} 'enablePrints' '(Z)V' in 'org/gnu/glpk/GlpkSolver'
R14=0x00007f8d136fb680 is pointing into the stack for thread: 0x00007f8d0c00a800
R15=0x00007f8d0c00a800 is a thread


Stack: [0x00007f8d135fc000,0x00007f8d136fd000],  sp=0x00007f8d136fb5b8,  free space=1021k
Native frames: (J=compiled Java code, j=interpreted, Vv=VM code, C=native code)
C  0x0000000000019b96
j  org.gnu.glpk.GlpkSolver.enablePrints(Z)V+0
j  scpsolver.lpsolver.GLPKSolver.solve(Lscpsolver/problems/LinearProgram;)[D+110
j  ilpSolver.LearningBinaryIPSolverV0.solve()[Z+370
j  learning.FiniteDifferenceGradientDescent.computeCost([D)D+63
j  learning.FiniteDifferenceGradientDescent.training()V+10
j  learning.FiniteDifferenceGradientDescent.main([Ljava/lang/String;)V+16
v  ~StubRoutines::call_stub
V  [libjvm.so+0x690206]  JavaCalls::call_helper(JavaValue*, methodHandle*, JavaCallArguments*, Thread*)+0x1056
V  [libjvm.so+0x6d1612]  jni_invoke_static(JNIEnv_*, JavaValue*, _jobject*, JNICallType, _jmethodID*, JNI_ArgumentPusher*, Thread*)+0x362
V  [libjvm.so+0x6ede7a]  jni_CallStaticVoidMethod+0x17a
C  [libjli.so+0x7bdf]  JavaMain+0x81f
C  [libpthread.so.0+0x8184]  start_thread+0xc4

Java frames: (J=compiled Java code, j=interpreted, Vv=VM code)
j  org.gnu.glpk.GlpkSolver.enablePrints(Z)V+0
j  scpsolver.lpsolver.GLPKSolver.solve(Lscpsolver/problems/LinearProgram;)[D+110
j  ilpSolver.LearningBinaryIPSolverV0.solve()[Z+370
j  learning.FiniteDifferenceGradientDescent.computeCost([D)D+63
j  learning.FiniteDifferenceGradientDescent.training()V+10
j  learning.FiniteDifferenceGradientDescent.main([Ljava/lang/String;)V+16
v  ~StubRoutines::call_stub

---------------  P R O C E S S  ---------------

Java Threads: ( => current thread )
  0x00007f8d0c0c9000 JavaThread "Service Thread" daemon [_thread_blocked, id=648, stack(0x00007f8ce5e0b000,0x00007f8ce5f0c000)]
  0x00007f8d0c0be000 JavaThread "C1 CompilerThread2" daemon [_thread_blocked, id=647, stack(0x00007f8ce5f0c000,0x00007f8ce600d000)]
  0x00007f8d0c0bc000 JavaThread "C2 CompilerThread1" daemon [_thread_in_native, id=646, stack(0x00007f8ce600d000,0x00007f8ce610e000)]
  0x00007f8d0c0b9800 JavaThread "C2 CompilerThread0" daemon [_thread_blocked, id=645, stack(0x00007f8ce610e000,0x00007f8ce620f000)]
  0x00007f8d0c0b8000 JavaThread "Signal Dispatcher" daemon [_thread_blocked, id=644, stack(0x00007f8ce620f000,0x00007f8ce6310000)]
  0x00007f8d0c084800 JavaThread "Finalizer" daemon [_thread_blocked, id=643, stack(0x00007f8ce69f2000,0x00007f8ce6af3000)]
  0x00007f8d0c080000 JavaThread "Reference Handler" daemon [_thread_blocked, id=642, stack(0x00007f8ce6af3000,0x00007f8ce6bf4000)]
=>0x00007f8d0c00a800 JavaThread "main" [_thread_in_native, id=634, stack(0x00007f8d135fc000,0x00007f8d136fd000)]

Other Threads:
  0x00007f8d0c078800 VMThread [stack: 0x00007f8ce6bf4000,0x00007f8ce6cf5000] [id=641]
  0x00007f8d0c0cc000 WatcherThread [stack: 0x00007f8ce5d0a000,0x00007f8ce5e0b000] [id=649]

VM state:not at safepoint (normal execution)

VM Mutex/Monitor currently owned by a thread: None

Heap:
 PSYoungGen      total 68608K, used 36660K [0x00000000d7400000, 0x00000000dfa00000, 0x0000000100000000)
  eden space 63488K, 49% used [0x00000000d7400000,0x00000000d92d2910,0x00000000db200000)
  from space 5120K, 99% used [0x00000000db200000,0x00000000db6fa8f8,0x00000000db700000)
  to   space 5120K, 0% used [0x00000000df500000,0x00000000df500000,0x00000000dfa00000)
 ParOldGen       total 84992K, used 7788K [0x0000000085c00000, 0x000000008af00000, 0x00000000d7400000)
  object space 84992K, 9% used [0x0000000085c00000,0x000000008639b0f0,0x000000008af00000)
 Metaspace       used 13862K, capacity 13942K, committed 14080K, reserved 1062912K
  class space    used 1216K, capacity 1233K, committed 1280K, reserved 1048576K

Card table byte_map: [0x00007f8cfcc2d000,0x00007f8cfd000000] byte_map_base: 0x00007f8cfc7ff000

Marking Bits: (ParMarkBitMap*) 0x00007f8d12ad4220
 Begin Bits: [0x00007f8cf42e0000, 0x00007f8cf6170000)
 End Bits:   [0x00007f8cf6170000, 0x00007f8cf8000000)

Polling page: 0x00007f8d1371d000

CodeCache: size=245760Kb used=6754Kb max_used=6765Kb free=239005Kb
 bounds [0x00007f8cfd000000, 0x00007f8cfd6b0000, 0x00007f8d0c000000]
 total_blobs=2083 nmethods=1732 adapters=263
 compilation: enabled

Compilation events (10 events):
Event: 1.187 Thread 0x00007f8d0c0b9800 nmethod 1242 0x00007f8cfd5c6ed0 code [0x00007f8cfd5c7020, 0x00007f8cfd5c7098]
Event: 1.187 Thread 0x00007f8d0c0b9800 1513       4       org.eclipse.jdt.internal.compiler.problem.ProblemReporter::getIrritant (2163 bytes)
Event: 1.191 Thread 0x00007f8d0c0b9800 nmethod 1513 0x00007f8cfd69db90 code [0x00007f8cfd69e560, 0x00007f8cfd69ef98]
Event: 1.191 Thread 0x00007f8d0c0b9800 1733   !   4       java.util.zip.Inflater::inflate (113 bytes)
Event: 1.193 Thread 0x00007f8d0c0b9800 nmethod 1733 0x00007f8cfd677fd0 code [0x00007f8cfd678140, 0x00007f8cfd678608]
Event: 1.193 Thread 0x00007f8d0c0b9800 1734       4       java.util.zip.Inflater::ensureOpen (47 bytes)
Event: 1.194 Thread 0x00007f8d0c0be000 1735  s    3       java.io.BufferedOutputStream::write (67 bytes)
Event: 1.194 Thread 0x00007f8d0c0b9800 nmethod 1734 0x00007f8cfd69d910 code [0x00007f8cfd69da60, 0x00007f8cfd69daf8]
Event: 1.194 Thread 0x00007f8d0c0b9800 1530       4       org.eclipse.jdt.internal.compiler.parser.Scanner::optimizedCurrentTokenSource1 (240 bytes)
Event: 1.194 Thread 0x00007f8d0c0be000 nmethod 1735 0x00007f8cfd67b250 code [0x00007f8cfd67b420, 0x00007f8cfd67bc58]

GC Heap History (6 events):
Event: 0.402 GC heap before
{Heap before GC invocations=1 (full 0):
 PSYoungGen      total 36864K, used 31744K [0x00000000d7400000, 0x00000000d9d00000, 0x0000000100000000)
  eden space 31744K, 100% used [0x00000000d7400000,0x00000000d9300000,0x00000000d9300000)
  from space 5120K, 0% used [0x00000000d9800000,0x00000000d9800000,0x00000000d9d00000)
  to   space 5120K, 0% used [0x00000000d9300000,0x00000000d9300000,0x00000000d9800000)
 ParOldGen       total 84992K, used 0K [0x0000000085c00000, 0x000000008af00000, 0x00000000d7400000)
  object space 84992K, 0% used [0x0000000085c00000,0x0000000085c00000,0x000000008af00000)
 Metaspace       used 8709K, capacity 8822K, committed 9088K, reserved 1056768K
  class space    used 804K, capacity 849K, committed 896K, reserved 1048576K
Event: 0.407 GC heap after
Heap after GC invocations=1 (full 0):
 PSYoungGen      total 36864K, used 5115K [0x00000000d7400000, 0x00000000dbc00000, 0x0000000100000000)
  eden space 31744K, 0% used [0x00000000d7400000,0x00000000d7400000,0x00000000d9300000)
  from space 5120K, 99% used [0x00000000d9300000,0x00000000d97feea0,0x00000000d9800000)
  to   space 5120K, 0% used [0x00000000db700000,0x00000000db700000,0x00000000dbc00000)
 ParOldGen       total 84992K, used 2126K [0x0000000085c00000, 0x000000008af00000, 0x00000000d7400000)
  object space 84992K, 2% used [0x0000000085c00000,0x0000000085e13a58,0x000000008af00000)
 Metaspace       used 8709K, capacity 8822K, committed 9088K, reserved 1056768K
  class space    used 804K, capacity 849K, committed 896K, reserved 1048576K
}
Event: 0.721 GC heap before
{Heap before GC invocations=2 (full 0):
 PSYoungGen      total 36864K, used 36859K [0x00000000d7400000, 0x00000000dbc00000, 0x0000000100000000)
  eden space 31744K, 100% used [0x00000000d7400000,0x00000000d9300000,0x00000000d9300000)
  from space 5120K, 99% used [0x00000000d9300000,0x00000000d97feea0,0x00000000d9800000)
  to   space 5120K, 0% used [0x00000000db700000,0x00000000db700000,0x00000000dbc00000)
 ParOldGen       total 84992K, used 2126K [0x0000000085c00000, 0x000000008af00000, 0x00000000d7400000)
  object space 84992K, 2% used [0x0000000085c00000,0x0000000085e13a58,0x000000008af00000)
 Metaspace       used 12947K, capacity 13078K, committed 13312K, reserved 1060864K
  class space    used 1164K, capacity 1201K, committed 1280K, reserved 1048576K
Event: 0.728 GC heap after
Heap after GC invocations=2 (full 0):
 PSYoungGen      total 68608K, used 5098K [0x00000000d7400000, 0x00000000dbc00000, 0x0000000100000000)
  eden space 63488K, 0% used [0x00000000d7400000,0x00000000d7400000,0x00000000db200000)
  from space 5120K, 99% used [0x00000000db700000,0x00000000dbbfab28,0x00000000dbc00000)
  to   space 5120K, 0% used [0x00000000db200000,0x00000000db200000,0x00000000db700000)
 ParOldGen       total 84992K, used 6063K [0x0000000085c00000, 0x000000008af00000, 0x00000000d7400000)
  object space 84992K, 7% used [0x0000000085c00000,0x00000000861ebd18,0x000000008af00000)
 Metaspace       used 12947K, capacity 13078K, committed 13312K, reserved 1060864K
  class space    used 1164K, capacity 1201K, committed 1280K, reserved 1048576K
}
Event: 1.028 GC heap before
{Heap before GC invocations=3 (full 0):
 PSYoungGen      total 68608K, used 68586K [0x00000000d7400000, 0x00000000dbc00000, 0x0000000100000000)
  eden space 63488K, 100% used [0x00000000d7400000,0x00000000db200000,0x00000000db200000)
  from space 5120K, 99% used [0x00000000db700000,0x00000000dbbfab28,0x00000000dbc00000)
  to   space 5120K, 0% used [0x00000000db200000,0x00000000db200000,0x00000000db700000)
 ParOldGen       total 84992K, used 6063K [0x0000000085c00000, 0x000000008af00000, 0x00000000d7400000)
  object space 84992K, 7% used [0x0000000085c00000,0x00000000861ebd18,0x000000008af00000)
 Metaspace       used 13641K, capacity 13750K, committed 13824K, reserved 1062912K
  class space    used 1196K, capacity 1233K, committed 1280K, reserved 1048576K
Event: 1.037 GC heap after
Heap after GC invocations=3 (full 0):
 PSYoungGen      total 68608K, used 5098K [0x00000000d7400000, 0x00000000dfa00000, 0x0000000100000000)
  eden space 63488K, 0% used [0x00000000d7400000,0x00000000d7400000,0x00000000db200000)
  from space 5120K, 99% used [0x00000000db200000,0x00000000db6fa8f8,0x00000000db700000)
  to   space 5120K, 0% used [0x00000000df500000,0x00000000df500000,0x00000000dfa00000)
 ParOldGen       total 84992K, used 7788K [0x0000000085c00000, 0x000000008af00000, 0x00000000d7400000)
  object space 84992K, 9% used [0x0000000085c00000,0x000000008639b0f0,0x000000008af00000)
 Metaspace       used 13641K, capacity 13750K, committed 13824K, reserved 1062912K
  class space    used 1196K, capacity 1233K, committed 1280K, reserved 1048576K
}

Deoptimization events (10 events):
Event: 0.699 Thread 0x00007f8d0c00a800 Uncommon trap: reason=unstable_if action=reinterpret pc=0x00007f8cfd39c0ac method=org.eclipse.jdt.internal.compiler.parser.Scanner.scanIdentifierOrKeyword()I @ 27
Event: 0.769 Thread 0x00007f8d0c00a800 Uncommon trap: reason=unstable_if action=reinterpret pc=0x00007f8cfd16b964 method=java.lang.ref.SoftReference.get()Ljava/lang/Object; @ 17
Event: 0.818 Thread 0x00007f8d0c00a800 Uncommon trap: reason=bimorphic action=maybe_recompile pc=0x00007f8cfd35af68 method=java.util.Hashtable.put(Ljava/lang/Object;Ljava/lang/Object;)Ljava/lang/Object; @ 18
Event: 0.837 Thread 0x00007f8d0c00a800 Uncommon trap: reason=range_check action=make_not_entrant pc=0x00007f8cfd512114 method=org.eclipse.jdt.internal.compiler.parser.Scanner.getNextToken0()I @ 93
Event: 0.888 Thread 0x00007f8d0c00a800 Uncommon trap: reason=bimorphic action=maybe_recompile pc=0x00007f8cfd35af68 method=java.util.Hashtable.put(Ljava/lang/Object;Ljava/lang/Object;)Ljava/lang/Object; @ 18
Event: 0.889 Thread 0x00007f8d0c00a800 Uncommon trap: reason=predicate action=maybe_recompile pc=0x00007f8cfd52f718 method=org.eclipse.jdt.internal.compiler.parser.Scanner.scanIdentifierOrKeyword()I @ 33
Event: 0.930 Thread 0x00007f8d0c00a800 Uncommon trap: reason=bimorphic action=maybe_recompile pc=0x00007f8cfd35af68 method=java.util.Hashtable.put(Ljava/lang/Object;Ljava/lang/Object;)Ljava/lang/Object; @ 18
Event: 1.023 Thread 0x00007f8d0c00a800 Uncommon trap: reason=predicate action=maybe_recompile pc=0x00007f8cfd5bcfdc method=org.eclipse.jdt.internal.compiler.parser.Scanner.scanIdentifierOrKeyword()I @ 33
Event: 1.045 Thread 0x00007f8d0c00a800 Uncommon trap: reason=unstable_if action=reinterpret pc=0x00007f8cfd16d674 method=java.lang.ref.SoftReference.get()Ljava/lang/Object; @ 17
Event: 1.139 Thread 0x00007f8d0c00a800 Uncommon trap: reason=unloaded action=reinterpret pc=0x00007f8cfd359a60 method=java.util.zip.ZipEntry.setExtra0([BZ)V @ 37

Internal exceptions (10 events):
Event: 1.139 Thread 0x00007f8d0c00a800 Exception <a 'java/io/FileNotFoundException'> (0x00000000d91d5ae0) thrown at [/HUDSON3/workspace/8-2-build-linux-amd64/jdk8u111/7883/hotspot/src/share/vm/prims/jni.cpp, line 709]
Event: 1.139 Thread 0x00007f8d0c00a800 Exception <a 'java/io/FileNotFoundException'> (0x00000000d91d6548) thrown at [/HUDSON3/workspace/8-2-build-linux-amd64/jdk8u111/7883/hotspot/src/share/vm/prims/jni.cpp, line 709]
Event: 1.139 Thread 0x00007f8d0c00a800 Exception <a 'java/io/FileNotFoundException'> (0x00000000d91d6e88) thrown at [/HUDSON3/workspace/8-2-build-linux-amd64/jdk8u111/7883/hotspot/src/share/vm/prims/jni.cpp, line 709]
Event: 1.139 Thread 0x00007f8d0c00a800 Exception <a 'java/io/FileNotFoundException'> (0x00000000d91d7798) thrown at [/HUDSON3/workspace/8-2-build-linux-amd64/jdk8u111/7883/hotspot/src/share/vm/prims/jni.cpp, line 709]
Event: 1.139 Thread 0x00007f8d0c00a800 Exception <a 'java/io/FileNotFoundException'> (0x00000000d91d80b8) thrown at [/HUDSON3/workspace/8-2-build-linux-amd64/jdk8u111/7883/hotspot/src/share/vm/prims/jni.cpp, line 709]
Event: 1.174 Thread 0x00007f8d0c00a800 Exception <a 'java/io/FileNotFoundException'> (0x00000000d922d508) thrown at [/HUDSON3/workspace/8-2-build-linux-amd64/jdk8u111/7883/hotspot/src/share/vm/prims/jni.cpp, line 709]
Event: 1.174 Thread 0x00007f8d0c00a800 Exception <a 'java/io/FileNotFoundException'> (0x00000000d922df10) thrown at [/HUDSON3/workspace/8-2-build-linux-amd64/jdk8u111/7883/hotspot/src/share/vm/prims/jni.cpp, line 709]
Event: 1.174 Thread 0x00007f8d0c00a800 Exception <a 'java/io/FileNotFoundException'> (0x00000000d922e850) thrown at [/HUDSON3/workspace/8-2-build-linux-amd64/jdk8u111/7883/hotspot/src/share/vm/prims/jni.cpp, line 709]
Event: 1.174 Thread 0x00007f8d0c00a800 Exception <a 'java/io/FileNotFoundException'> (0x00000000d922f160) thrown at [/HUDSON3/workspace/8-2-build-linux-amd64/jdk8u111/7883/hotspot/src/share/vm/prims/jni.cpp, line 709]
Event: 1.174 Thread 0x00007f8d0c00a800 Exception <a 'java/io/FileNotFoundException'> (0x00000000d922fa80) thrown at [/HUDSON3/workspace/8-2-build-linux-amd64/jdk8u111/7883/hotspot/src/share/vm/prims/jni.cpp, line 709]

Events (10 events):
Event: 1.139 loading class java/util/concurrent/TimeUnit$7
Event: 1.139 loading class java/util/concurrent/TimeUnit$7 done
Event: 1.139 loading class java/nio/file/attribute/FileTime
Event: 1.139 loading class java/nio/file/attribute/FileTime done
Event: 1.170 loading class scpsolver/lpsolver/LPSOLVESolver
Event: 1.170 loading class scpsolver/lpsolver/LPSOLVESolver done
Event: 1.171 loading class lpsolve/LpSolveException
Event: 1.171 loading class lpsolve/LpSolveException done
Event: 1.171 loading class org/gnu/glpk/GlpkSolver
Event: 1.171 loading class org/gnu/glpk/GlpkSolver done


Dynamic libraries:
00400000-00401000 r-xp 00000000 08:02 2389277                            /usr/lib/jvm/java-8-oracle/bin/java
00600000-00601000 rw-p 00000000 08:02 2389277                            /usr/lib/jvm/java-8-oracle/bin/java
00731000-00752000 rw-p 00000000 00:00 0                                  [heap]
85c00000-8af00000 rw-p 00000000 00:00 0 
8af00000-d7400000 ---p 00000000 00:00 0 
d7400000-dfa00000 rw-p 00000000 00:00 0 
dfa00000-100000000 ---p 00000000 00:00 0 
100000000-100140000 rw-p 00000000 00:00 0 
100140000-140000000 ---p 00000000 00:00 0 
7f8cc0000000-7f8cc0021000 rw-p 00000000 00:00 0 
7f8cc0021000-7f8cc4000000 ---p 00000000 00:00 0 
7f8cc4000000-7f8cc4021000 rw-p 00000000 00:00 0 
7f8cc4021000-7f8cc8000000 ---p 00000000 00:00 0 
7f8cc8000000-7f8cc9ac2000 rw-p 00000000 00:00 0 
7f8cc9ac2000-7f8ccc000000 ---p 00000000 00:00 0 
7f8ccc000000-7f8ccd376000 rw-p 00000000 00:00 0 
7f8ccd376000-7f8cd0000000 ---p 00000000 00:00 0 
7f8cd0000000-7f8cd0021000 rw-p 00000000 00:00 0 
7f8cd0021000-7f8cd4000000 ---p 00000000 00:00 0 
7f8cd4000000-7f8cd51ee000 rw-p 00000000 00:00 0 
7f8cd51ee000-7f8cd8000000 ---p 00000000 00:00 0 
7f8cd8000000-7f8cd8021000 rw-p 00000000 00:00 0 
7f8cd8021000-7f8cdc000000 ---p 00000000 00:00 0 
7f8cdc000000-7f8cdc021000 rw-p 00000000 00:00 0 
7f8cdc021000-7f8ce0000000 ---p 00000000 00:00 0 
7f8ce0000000-7f8ce0021000 rw-p 00000000 00:00 0 
7f8ce0021000-7f8ce4000000 ---p 00000000 00:00 0 
7f8ce540b000-7f8ce5506000 r-xp 00000000 08:02 142860                     /home/yuan/Desktop/PL research/eclipseWorkSpace/javaSrcCompress/libglpkjni_x64.so
7f8ce5506000-7f8ce5706000 ---p 000fb000 08:02 142860                     /home/yuan/Desktop/PL research/eclipseWorkSpace/javaSrcCompress/libglpkjni_x64.so
7f8ce5706000-7f8ce5707000 r--p 000fb000 08:02 142860                     /home/yuan/Desktop/PL research/eclipseWorkSpace/javaSrcCompress/libglpkjni_x64.so
7f8ce5707000-7f8ce570a000 rw-p 000fc000 08:02 142860                     /home/yuan/Desktop/PL research/eclipseWorkSpace/javaSrcCompress/libglpkjni_x64.so
7f8ce570a000-7f8ce578a000 rw-p 00000000 00:00 0 
7f8ce578a000-7f8ce590a000 ---p 00000000 00:00 0 
7f8ce590a000-7f8ce5b0a000 rw-p 00000000 00:00 0 
7f8ce5b0a000-7f8ce5d0a000 rw-p 00000000 00:00 0 
7f8ce5d0a000-7f8ce5d0b000 ---p 00000000 00:00 0 
7f8ce5d0b000-7f8ce5e0b000 rw-p 00000000 00:00 0 
7f8ce5e0b000-7f8ce5e0e000 ---p 00000000 00:00 0 
7f8ce5e0e000-7f8ce5f0c000 rw-p 00000000 00:00 0 
7f8ce5f0c000-7f8ce5f0f000 ---p 00000000 00:00 0 
7f8ce5f0f000-7f8ce600d000 rw-p 00000000 00:00 0 
7f8ce600d000-7f8ce6010000 ---p 00000000 00:00 0 
7f8ce6010000-7f8ce610e000 rw-p 00000000 00:00 0 
7f8ce610e000-7f8ce6111000 ---p 00000000 00:00 0 
7f8ce6111000-7f8ce620f000 rw-p 00000000 00:00 0 
7f8ce620f000-7f8ce6212000 ---p 00000000 00:00 0 
7f8ce6212000-7f8ce6310000 rw-p 00000000 00:00 0 
7f8ce6310000-7f8ce69f2000 r--p 00000000 08:02 1186824                    /usr/lib/locale/locale-archive
7f8ce69f2000-7f8ce69f5000 ---p 00000000 00:00 0 
7f8ce69f5000-7f8ce6af3000 rw-p 00000000 00:00 0 
7f8ce6af3000-7f8ce6af6000 ---p 00000000 00:00 0 
7f8ce6af6000-7f8ce6bf4000 rw-p 00000000 00:00 0 
7f8ce6bf4000-7f8ce6bf5000 ---p 00000000 00:00 0 
7f8ce6bf5000-7f8ce8000000 rw-p 00000000 00:00 0 
7f8ce8000000-7f8ce8021000 rw-p 00000000 00:00 0 
7f8ce8021000-7f8cec000000 ---p 00000000 00:00 0 
7f8cec000000-7f8cec021000 rw-p 00000000 00:00 0 
7f8cec021000-7f8cf0000000 ---p 00000000 00:00 0 
7f8cf0000000-7f8cf0021000 rw-p 00000000 00:00 0 
7f8cf0021000-7f8cf4000000 ---p 00000000 00:00 0 
7f8cf40d4000-7f8cf40d9000 r--s 00084000 08:02 2250090                    /usr/lib/jvm/java-8-oracle/jre/lib/jfr.jar
7f8cf40d9000-7f8cf40de000 r--s 002f9000 08:02 2250071                    /usr/lib/jvm/java-8-oracle/jre/lib/charsets.jar
7f8cf40de000-7f8cf8000000 rw-p 00000000 00:00 0 
7f8cf8000000-7f8cf8021000 rw-p 00000000 00:00 0 
7f8cf8021000-7f8cfc000000 ---p 00000000 00:00 0 
7f8cfc001000-7f8cfc003000 rw-p 00000000 00:00 0 
7f8cfc003000-7f8cfc016000 r--s 00345000 08:02 2250070                    /usr/lib/jvm/java-8-oracle/jre/lib/resources.jar
7f8cfc016000-7f8cfc026000 r--s 00100000 08:02 142476                     /home/yuan/Desktop/PL research/eclipseWorkSpace/javaSrcCompress/external lib/org.eclipse.osgi_3.5.2.R35x_v20100126.jar
7f8cfc026000-7f8cfc056000 r--s 00547000 08:02 143013                     /home/yuan/Desktop/PL research/eclipseWorkSpace/javaSrcCompress/external lib/org.eclipse.jdt.core_3.11.2.v20160128-0629.jar
7f8cfc056000-7f8cfc30a000 rw-p 00000000 00:00 0 
7f8cfc30a000-7f8cfc4e2000 r--s 03d2a000 08:02 2250231                    /usr/lib/jvm/java-8-oracle/jre/lib/rt.jar
7f8cfc4e2000-7f8cfc92a000 rw-p 00000000 00:00 0 
7f8cfc92a000-7f8cfc92b000 ---p 00000000 00:00 0 
7f8cfc92b000-7f8cfca2b000 rw-p 00000000 00:00 0 
7f8cfca2b000-7f8cfca2c000 ---p 00000000 00:00 0 
7f8cfca2c000-7f8cfcb2c000 rw-p 00000000 00:00 0 
7f8cfcb2c000-7f8cfcb2d000 ---p 00000000 00:00 0 
7f8cfcb2d000-7f8cfcc57000 rw-p 00000000 00:00 0 
7f8cfcc57000-7f8cfceb9000 ---p 00000000 00:00 0 
7f8cfceb9000-7f8cfcefc000 rw-p 00000000 00:00 0 
7f8cfcefc000-7f8cfcfff000 ---p 00000000 00:00 0 
7f8cfcfff000-7f8cfd000000 rw-p 00000000 00:00 0 
7f8cfd000000-7f8cfd6b0000 rwxp 00000000 00:00 0 
7f8cfd6b0000-7f8d0c000000 ---p 00000000 00:00 0 
7f8d0c000000-7f8d0c936000 rw-p 00000000 00:00 0 
7f8d0c936000-7f8d10000000 ---p 00000000 00:00 0 
7f8d10000000-7f8d10002000 r--s 0000c000 08:02 131831                     /home/yuan/Desktop/PL research/eclipseWorkSpace/javaSrcCompress/external lib/json-20160810.jar
7f8d10002000-7f8d10005000 r--s 00016000 08:02 141246                     /home/yuan/Desktop/PL research/eclipseWorkSpace/javaSrcCompress/external lib/org.eclipse.equinox.preferences_3.2.301.R35x_v20091117.jar
7f8d10005000-7f8d10026000 rw-p 00000000 00:00 0 
7f8d10026000-7f8d10027000 ---p 00000000 00:00 0 
7f8d10027000-7f8d10151000 rw-p 00000000 00:00 0 
7f8d10151000-7f8d103b3000 ---p 00000000 00:00 0 
7f8d103b3000-7f8d103ce000 rw-p 00000000 00:00 0 
7f8d103ce000-7f8d10773000 ---p 00000000 00:00 0 
7f8d10773000-7f8d1078d000 r-xp 00000000 08:02 2239653                    /usr/lib/jvm/java-8-oracle/jre/lib/amd64/libzip.so
7f8d1078d000-7f8d1098d000 ---p 0001a000 08:02 2239653                    /usr/lib/jvm/java-8-oracle/jre/lib/amd64/libzip.so
7f8d1098d000-7f8d1098e000 rw-p 0001a000 08:02 2239653                    /usr/lib/jvm/java-8-oracle/jre/lib/amd64/libzip.so
7f8d1098e000-7f8d10998000 r-xp 00000000 08:02 1575070                    /lib/x86_64-linux-gnu/libnss_files-2.19.so
7f8d10998000-7f8d10b97000 ---p 0000a000 08:02 1575070                    /lib/x86_64-linux-gnu/libnss_files-2.19.so
7f8d10b97000-7f8d10b98000 r--p 00009000 08:02 1575070                    /lib/x86_64-linux-gnu/libnss_files-2.19.so
7f8d10b98000-7f8d10b99000 rw-p 0000a000 08:02 1575070                    /lib/x86_64-linux-gnu/libnss_files-2.19.so
7f8d10b99000-7f8d10ba4000 r-xp 00000000 08:02 1575062                    /lib/x86_64-linux-gnu/libnss_nis-2.19.so
7f8d10ba4000-7f8d10da3000 ---p 0000b000 08:02 1575062                    /lib/x86_64-linux-gnu/libnss_nis-2.19.so
7f8d10da3000-7f8d10da4000 r--p 0000a000 08:02 1575062                    /lib/x86_64-linux-gnu/libnss_nis-2.19.so
7f8d10da4000-7f8d10da5000 rw-p 0000b000 08:02 1575062                    /lib/x86_64-linux-gnu/libnss_nis-2.19.so
7f8d10da5000-7f8d10dbc000 r-xp 00000000 08:02 1575058                    /lib/x86_64-linux-gnu/libnsl-2.19.so
7f8d10dbc000-7f8d10fbb000 ---p 00017000 08:02 1575058                    /lib/x86_64-linux-gnu/libnsl-2.19.so
7f8d10fbb000-7f8d10fbc000 r--p 00016000 08:02 1575058                    /lib/x86_64-linux-gnu/libnsl-2.19.so
7f8d10fbc000-7f8d10fbd000 rw-p 00017000 08:02 1575058                    /lib/x86_64-linux-gnu/libnsl-2.19.so
7f8d10fbd000-7f8d10fbf000 rw-p 00000000 00:00 0 
7f8d10fbf000-7f8d10fc8000 r-xp 00000000 08:02 1575057                    /lib/x86_64-linux-gnu/libnss_compat-2.19.so
7f8d10fc8000-7f8d111c7000 ---p 00009000 08:02 1575057                    /lib/x86_64-linux-gnu/libnss_compat-2.19.so
7f8d111c7000-7f8d111c8000 r--p 00008000 08:02 1575057                    /lib/x86_64-linux-gnu/libnss_compat-2.19.so
7f8d111c8000-7f8d111c9000 rw-p 00009000 08:02 1575057                    /lib/x86_64-linux-gnu/libnss_compat-2.19.so
7f8d111c9000-7f8d111f4000 r-xp 00000000 08:02 2250041                    /usr/lib/jvm/java-8-oracle/jre/lib/amd64/libjava.so
7f8d111f4000-7f8d113f3000 ---p 0002b000 08:02 2250041                    /usr/lib/jvm/java-8-oracle/jre/lib/amd64/libjava.so
7f8d113f3000-7f8d113f5000 rw-p 0002a000 08:02 2250041                    /usr/lib/jvm/java-8-oracle/jre/lib/amd64/libjava.so
7f8d113f5000-7f8d11402000 r-xp 00000000 08:02 2250053                    /usr/lib/jvm/java-8-oracle/jre/lib/amd64/libverify.so
7f8d11402000-7f8d11601000 ---p 0000d000 08:02 2250053                    /usr/lib/jvm/java-8-oracle/jre/lib/amd64/libverify.so
7f8d11601000-7f8d11603000 rw-p 0000c000 08:02 2250053                    /usr/lib/jvm/java-8-oracle/jre/lib/amd64/libverify.so
7f8d11603000-7f8d1160a000 r-xp 00000000 08:02 1575066                    /lib/x86_64-linux-gnu/librt-2.19.so
7f8d1160a000-7f8d11809000 ---p 00007000 08:02 1575066                    /lib/x86_64-linux-gnu/librt-2.19.so
7f8d11809000-7f8d1180a000 r--p 00006000 08:02 1575066                    /lib/x86_64-linux-gnu/librt-2.19.so
7f8d1180a000-7f8d1180b000 rw-p 00007000 08:02 1575066                    /lib/x86_64-linux-gnu/librt-2.19.so
7f8d1180b000-7f8d11910000 r-xp 00000000 08:02 1575045                    /lib/x86_64-linux-gnu/libm-2.19.so
7f8d11910000-7f8d11b0f000 ---p 00105000 08:02 1575045                    /lib/x86_64-linux-gnu/libm-2.19.so
7f8d11b0f000-7f8d11b10000 r--p 00104000 08:02 1575045                    /lib/x86_64-linux-gnu/libm-2.19.so
7f8d11b10000-7f8d11b11000 rw-p 00105000 08:02 1575045                    /lib/x86_64-linux-gnu/libm-2.19.so
7f8d11b11000-7f8d127de000 r-xp 00000000 08:02 2250022                    /usr/lib/jvm/java-8-oracle/jre/lib/amd64/server/libjvm.so
7f8d127de000-7f8d129dd000 ---p 00ccd000 08:02 2250022                    /usr/lib/jvm/java-8-oracle/jre/lib/amd64/server/libjvm.so
7f8d129dd000-7f8d12ab6000 rw-p 00ccc000 08:02 2250022                    /usr/lib/jvm/java-8-oracle/jre/lib/amd64/server/libjvm.so
7f8d12ab6000-7f8d12b01000 rw-p 00000000 00:00 0 
7f8d12b01000-7f8d12cbb000 r-xp 00000000 08:02 1575067                    /lib/x86_64-linux-gnu/libc-2.19.so
7f8d12cbb000-7f8d12ebb000 ---p 001ba000 08:02 1575067                    /lib/x86_64-linux-gnu/libc-2.19.so
7f8d12ebb000-7f8d12ebf000 r--p 001ba000 08:02 1575067                    /lib/x86_64-linux-gnu/libc-2.19.so
7f8d12ebf000-7f8d12ec1000 rw-p 001be000 08:02 1575067                    /lib/x86_64-linux-gnu/libc-2.19.so
7f8d12ec1000-7f8d12ec6000 rw-p 00000000 00:00 0 
7f8d12ec6000-7f8d12ec9000 r-xp 00000000 08:02 1575052                    /lib/x86_64-linux-gnu/libdl-2.19.so
7f8d12ec9000-7f8d130c8000 ---p 00003000 08:02 1575052                    /lib/x86_64-linux-gnu/libdl-2.19.so
7f8d130c8000-7f8d130c9000 r--p 00002000 08:02 1575052                    /lib/x86_64-linux-gnu/libdl-2.19.so
7f8d130c9000-7f8d130ca000 rw-p 00003000 08:02 1575052                    /lib/x86_64-linux-gnu/libdl-2.19.so
7f8d130ca000-7f8d130df000 r-xp 00000000 08:02 1979606                    /usr/lib/jvm/java-8-oracle/lib/amd64/jli/libjli.so
7f8d130df000-7f8d132df000 ---p 00015000 08:02 1979606                    /usr/lib/jvm/java-8-oracle/lib/amd64/jli/libjli.so
7f8d132df000-7f8d132e0000 rw-p 00015000 08:02 1979606                    /usr/lib/jvm/java-8-oracle/lib/amd64/jli/libjli.so
7f8d132e0000-7f8d132f9000 r-xp 00000000 08:02 1575059                    /lib/x86_64-linux-gnu/libpthread-2.19.so
7f8d132f9000-7f8d134f8000 ---p 00019000 08:02 1575059                    /lib/x86_64-linux-gnu/libpthread-2.19.so
7f8d134f8000-7f8d134f9000 r--p 00018000 08:02 1575059                    /lib/x86_64-linux-gnu/libpthread-2.19.so
7f8d134f9000-7f8d134fa000 rw-p 00019000 08:02 1575059                    /lib/x86_64-linux-gnu/libpthread-2.19.so
7f8d134fa000-7f8d134fe000 rw-p 00000000 00:00 0 
7f8d134fe000-7f8d13521000 r-xp 00000000 08:02 1575060                    /lib/x86_64-linux-gnu/ld-2.19.so
7f8d13521000-7f8d13522000 rw-p 00000000 00:00 0 
7f8d13522000-7f8d13525000 r--s 00015000 08:02 141125                     /home/yuan/Desktop/PL research/eclipseWorkSpace/javaSrcCompress/external lib/org.eclipse.equinox.common_3.5.1.R35x_v20090807-1100.jar
7f8d13525000-7f8d1352f000 r--s 000a1000 08:02 142473                     /home/yuan/Desktop/PL research/eclipseWorkSpace/javaSrcCompress/external lib/org.eclipse.core.resources_3.5.2.R35x_v20091203-1235.jar
7f8d1352f000-7f8d13531000 r--s 00011000 08:02 141124                     /home/yuan/Desktop/PL research/eclipseWorkSpace/javaSrcCompress/external lib/org.eclipse.core.jobs_3.4.100.v20090429-1800.jar
7f8d13531000-7f8d135fc000 rw-p 00000000 00:00 0 
7f8d135fc000-7f8d135ff000 ---p 00000000 00:00 0 
7f8d135ff000-7f8d13702000 rw-p 00000000 00:00 0 
7f8d13702000-7f8d13705000 r--s 00012000 08:02 140103                     /home/yuan/Desktop/PL research/eclipseWorkSpace/javaSrcCompress/external lib/org.eclipse.core.contenttype_3.4.1.R35x_v20090826-0451.jar
7f8d13705000-7f8d13707000 r--s 0000f000 08:02 142474                     /home/yuan/Desktop/PL research/eclipseWorkSpace/javaSrcCompress/external lib/org.eclipse.core.runtime_3.5.0.v20090525.jar
7f8d13707000-7f8d1370a000 r--s 0001a000 08:02 2250230                    /usr/lib/jvm/java-8-oracle/jre/lib/jce.jar
7f8d1370a000-7f8d1370e000 r--s 00097000 08:02 2250227                    /usr/lib/jvm/java-8-oracle/jre/lib/jsse.jar
7f8d1370e000-7f8d13712000 r--s 00021000 08:02 140645                     /home/yuan/Desktop/PL research/eclipseWorkSpace/javaSrcCompress/external lib/SCPSolver.jar
7f8d13712000-7f8d13713000 r--s 00151000 08:02 140596                     /home/yuan/Desktop/PL research/eclipseWorkSpace/javaSrcCompress/external lib/LPSOLVESolverPack.jar
7f8d13713000-7f8d13714000 r--s 002bc000 08:02 266570                     /home/yuan/Desktop/PL research/eclipseWorkSpace/javaSrcCompress/external lib/GLPKSolverPack.jar
7f8d13714000-7f8d1371c000 rw-s 00000000 08:02 3167840                    /tmp/hsperfdata_yuan/631
7f8d1371c000-7f8d1371d000 rw-p 00000000 00:00 0 
7f8d1371d000-7f8d1371e000 r--p 00000000 00:00 0 
7f8d1371e000-7f8d13720000 rw-p 00000000 00:00 0 
7f8d13720000-7f8d13721000 r--p 00022000 08:02 1575060                    /lib/x86_64-linux-gnu/ld-2.19.so
7f8d13721000-7f8d13722000 rw-p 00023000 08:02 1575060                    /lib/x86_64-linux-gnu/ld-2.19.so
7f8d13722000-7f8d13723000 rw-p 00000000 00:00 0 
7ffd81a28000-7ffd81a49000 rw-p 00000000 00:00 0                          [stack]
7ffd81aa0000-7ffd81aa2000 r--p 00000000 00:00 0                          [vvar]
7ffd81aa2000-7ffd81aa4000 r-xp 00000000 00:00 0                          [vdso]
ffffffffff600000-ffffffffff601000 r-xp 00000000 00:00 0                  [vsyscall]

VM Arguments:
jvm_args: -Dfile.encoding=UTF-8 
java_command: learning.FiniteDifferenceGradientDescent
java_class_path (initial): /home/yuan/Desktop/PL research/eclipseWorkSpace/javaSrcCompress/bin:/home/yuan/Desktop/PL research/eclipseWorkSpace/javaSrcCompress/external lib/GLPKSolverPack.jar:/home/yuan/Desktop/PL research/eclipseWorkSpace/javaSrcCompress/external lib/LPSOLVESolverPack.jar:/home/yuan/Desktop/PL research/eclipseWorkSpace/javaSrcCompress/external lib/SCPSolver.jar:/home/yuan/Desktop/PL research/eclipseWorkSpace/javaSrcCompress/external lib/org.eclipse.jdt.core_3.11.2.v20160128-0629.jar:/home/yuan/Desktop/PL research/eclipseWorkSpace/javaSrcCompress/external lib/org.eclipse.core.runtime_3.5.0.v20090525.jar:/home/yuan/Desktop/PL research/eclipseWorkSpace/javaSrcCompress/external lib/org.eclipse.core.contenttype_3.4.1.R35x_v20090826-0451.jar:/home/yuan/Desktop/PL research/eclipseWorkSpace/javaSrcCompress/external lib/org.eclipse.core.jobs_3.4.100.v20090429-1800.jar:/home/yuan/Desktop/PL research/eclipseWorkSpace/javaSrcCompress/external lib/org.eclipse.core.resources_3.5.2.R35x_v20091203-1235.jar:/home/yuan/Desktop/PL research/eclipseWorkSpace/javaSrcCompress/external lib/org.eclipse.equinox.common_3.5.1.R35x_v20090807-1100.jar:/home/yuan/Desktop/PL research/eclipseWorkSpace/javaSrcCompress/external lib/org.eclipse.equinox.preferences_3.2.301.R35x_v20091117.jar:/home/yuan/Desktop/PL research/eclipseWorkSpace/javaSrcCompress/external lib/org.eclipse.osgi_3.5.2.R35x_v20100126.jar:/home/yuan/Desktop/PL research/eclipseWorkSpace/javaSrcCompress/external lib/json-20160810.jar
Launcher Type: SUN_STANDARD

Environment Variables:
JAVA_HOME=/usr/lib/jvm/java-8-oracle
PATH=/usr/local/sbin:/usr/local/bin:/usr/sbin:/usr/bin:/sbin:/bin:/usr/games:/usr/local/games:/usr/lib/jvm/java-8-oracle/bin:/usr/lib/jvm/java-8-oracle/db/bin:/usr/lib/jvm/java-8-oracle/jre/bin
SHELL=/bin/bash
DISPLAY=:0

Signal Handlers:
SIGSEGV: [libjvm.so+0xac64b0], sa_mask[0]=11111111011111111101111111111110, sa_flags=SA_RESTART|SA_SIGINFO
SIGBUS: [libjvm.so+0xac64b0], sa_mask[0]=11111111011111111101111111111110, sa_flags=SA_RESTART|SA_SIGINFO
SIGFPE: [libjvm.so+0x91f950], sa_mask[0]=11111111011111111101111111111110, sa_flags=SA_RESTART|SA_SIGINFO
SIGPIPE: [libjvm.so+0x91f950], sa_mask[0]=11111111011111111101111111111110, sa_flags=SA_RESTART|SA_SIGINFO
SIGXFSZ: [libjvm.so+0x91f950], sa_mask[0]=11111111011111111101111111111110, sa_flags=SA_RESTART|SA_SIGINFO
SIGILL: [libjvm.so+0x91f950], sa_mask[0]=11111111011111111101111111111110, sa_flags=SA_RESTART|SA_SIGINFO
SIGUSR1: SIG_DFL, sa_mask[0]=00000000000000000000000000000000, sa_flags=none
SIGUSR2: [libjvm.so+0x920f80], sa_mask[0]=00100000000000000000000000000000, sa_flags=SA_RESTART|SA_SIGINFO
SIGHUP: [libjvm.so+0x922380], sa_mask[0]=11111111011111111101111111111110, sa_flags=SA_RESTART|SA_SIGINFO
SIGINT: [libjvm.so+0x922380], sa_mask[0]=11111111011111111101111111111110, sa_flags=SA_RESTART|SA_SIGINFO
SIGTERM: [libjvm.so+0x922380], sa_mask[0]=11111111011111111101111111111110, sa_flags=SA_RESTART|SA_SIGINFO
SIGQUIT: [libjvm.so+0x922380], sa_mask[0]=11111111011111111101111111111110, sa_flags=SA_RESTART|SA_SIGINFO


---------------  S Y S T E M  ---------------

OS:DISTRIB_ID=Ubuntu
DISTRIB_RELEASE=14.04
DISTRIB_CODENAME=trusty
DISTRIB_DESCRIPTION="Ubuntu 14.04.5 LTS"

uname:Linux 4.4.0-57-generic #78~14.04.1-Ubuntu SMP Sat Dec 10 00:14:47 UTC 2016 x86_64
libc:glibc 2.19 NPTL 2.19 
rlimit: STACK 8192k, CORE 0k, NPROC 30267, NOFILE 4096, AS infinity
load average:0.39 0.24 0.44

/proc/meminfo:
MemTotal:        8009712 kB
MemFree:         1028720 kB
MemAvailable:    2541684 kB
Buffers:          169984 kB
Cached:          2055296 kB
SwapCached:        79528 kB
Active:          4658916 kB
Inactive:        1702400 kB
Active(anon):    3904936 kB
Inactive(anon):  1050488 kB
Active(file):     753980 kB
Inactive(file):   651912 kB
Unevictable:         832 kB
Mlocked:             832 kB
SwapTotal:       8221692 kB
SwapFree:        7494752 kB
Dirty:                68 kB
Writeback:          1980 kB
AnonPages:       4118628 kB
Mapped:           538440 kB
Shmem:            819352 kB
Slab:             462920 kB
SReclaimable:     410912 kB
SUnreclaim:        52008 kB
KernelStack:       13824 kB
PageTables:        69736 kB
NFS_Unstable:          0 kB
Bounce:                0 kB
WritebackTmp:          0 kB
CommitLimit:    12226548 kB
Committed_AS:   15339748 kB
VmallocTotal:   34359738367 kB
VmallocUsed:           0 kB
VmallocChunk:          0 kB
HardwareCorrupted:     0 kB
AnonHugePages:   1859584 kB
CmaTotal:              0 kB
CmaFree:               0 kB
HugePages_Total:       0
HugePages_Free:        0
HugePages_Rsvd:        0
HugePages_Surp:        0
Hugepagesize:       2048 kB
DirectMap4k:      211252 kB
DirectMap2M:     8011776 kB
DirectMap1G:     1048576 kB


CPU:total 4 (4 cores per cpu, 1 threads per core) family 6 model 60 stepping 3, cmov, cx8, fxsr, mmx, sse, sse2, sse3, ssse3, sse4.1, sse4.2, popcnt, avx, avx2, aes, clmul, erms, rtm, lzcnt, tsc, tscinvbit, bmi1, bmi2

/proc/cpuinfo:
processor	: 0
vendor_id	: GenuineIntel
cpu family	: 6
model		: 60
model name	: Intel(R) Core(TM) i5-4590 CPU @ 3.30GHz
stepping	: 3
microcode	: 0x17
cpu MHz		: 3500.062
cache size	: 6144 KB
physical id	: 0
siblings	: 4
core id		: 0
cpu cores	: 4
apicid		: 0
initial apicid	: 0
fpu		: yes
fpu_exception	: yes
cpuid level	: 13
wp		: yes
flags		: fpu vme de pse tsc msr pae mce cx8 apic sep mtrr pge mca cmov pat pse36 clflush dts acpi mmx fxsr sse sse2 ss ht tm pbe syscall nx pdpe1gb rdtscp lm constant_tsc arch_perfmon pebs bts rep_good nopl xtopology nonstop_tsc aperfmperf eagerfpu pni pclmulqdq dtes64 monitor ds_cpl vmx smx est tm2 ssse3 sdbg fma cx16 xtpr pdcm pcid sse4_1 sse4_2 x2apic movbe popcnt tsc_deadline_timer aes xsave avx f16c rdrand lahf_lm abm tpr_shadow vnmi flexpriority ept vpid fsgsbase tsc_adjust bmi1 hle avx2 smep bmi2 erms invpcid rtm xsaveopt dtherm ida arat pln pts
bugs		:
bogomips	: 6600.48
clflush size	: 64
cache_alignment	: 64
address sizes	: 39 bits physical, 48 bits virtual
power management:

processor	: 1
vendor_id	: GenuineIntel
cpu family	: 6
model		: 60
model name	: Intel(R) Core(TM) i5-4590 CPU @ 3.30GHz
stepping	: 3
microcode	: 0x17
cpu MHz		: 3589.265
cache size	: 6144 KB
physical id	: 0
siblings	: 4
core id		: 1
cpu cores	: 4
apicid		: 2
initial apicid	: 2
fpu		: yes
fpu_exception	: yes
cpuid level	: 13
wp		: yes
flags		: fpu vme de pse tsc msr pae mce cx8 apic sep mtrr pge mca cmov pat pse36 clflush dts acpi mmx fxsr sse sse2 ss ht tm pbe syscall nx pdpe1gb rdtscp lm constant_tsc arch_perfmon pebs bts rep_good nopl xtopology nonstop_tsc aperfmperf eagerfpu pni pclmulqdq dtes64 monitor ds_cpl vmx smx est tm2 ssse3 sdbg fma cx16 xtpr pdcm pcid sse4_1 sse4_2 x2apic movbe popcnt tsc_deadline_timer aes xsave avx f16c rdrand lahf_lm abm tpr_shadow vnmi flexpriority ept vpid fsgsbase tsc_adjust bmi1 hle avx2 smep bmi2 erms invpcid rtm xsaveopt dtherm ida arat pln pts
bugs		:
bogomips	: 6600.48
clflush size	: 64
cache_alignment	: 64
address sizes	: 39 bits physical, 48 bits virtual
power management:

processor	: 2
vendor_id	: GenuineIntel
cpu family	: 6
model		: 60
model name	: Intel(R) Core(TM) i5-4590 CPU @ 3.30GHz
stepping	: 3
microcode	: 0x17
cpu MHz		: 3593.777
cache size	: 6144 KB
physical id	: 0
siblings	: 4
core id		: 2
cpu cores	: 4
apicid		: 4
initial apicid	: 4
fpu		: yes
fpu_exception	: yes
cpuid level	: 13
wp		: yes
flags		: fpu vme de pse tsc msr pae mce cx8 apic sep mtrr pge mca cmov pat pse36 clflush dts acpi mmx fxsr sse sse2 ss ht tm pbe syscall nx pdpe1gb rdtscp lm constant_tsc arch_perfmon pebs bts rep_good nopl xtopology nonstop_tsc aperfmperf eagerfpu pni pclmulqdq dtes64 monitor ds_cpl vmx smx est tm2 ssse3 sdbg fma cx16 xtpr pdcm pcid sse4_1 sse4_2 x2apic movbe popcnt tsc_deadline_timer aes xsave avx f16c rdrand lahf_lm abm tpr_shadow vnmi flexpriority ept vpid fsgsbase tsc_adjust bmi1 hle avx2 smep bmi2 erms invpcid rtm xsaveopt dtherm ida arat pln pts
bugs		:
bogomips	: 6600.48
clflush size	: 64
cache_alignment	: 64
address sizes	: 39 bits physical, 48 bits virtual
power management:

processor	: 3
vendor_id	: GenuineIntel
cpu family	: 6
model		: 60
model name	: Intel(R) Core(TM) i5-4590 CPU @ 3.30GHz
stepping	: 3
microcode	: 0x17
cpu MHz		: 3593.132
cache size	: 6144 KB
physical id	: 0
siblings	: 4
core id		: 3
cpu cores	: 4
apicid		: 6
initial apicid	: 6
fpu		: yes
fpu_exception	: yes
cpuid level	: 13
wp		: yes
flags		: fpu vme de pse tsc msr pae mce cx8 apic sep mtrr pge mca cmov pat pse36 clflush dts acpi mmx fxsr sse sse2 ss ht tm pbe syscall nx pdpe1gb rdtscp lm constant_tsc arch_perfmon pebs bts rep_good nopl xtopology nonstop_tsc aperfmperf eagerfpu pni pclmulqdq dtes64 monitor ds_cpl vmx smx est tm2 ssse3 sdbg fma cx16 xtpr pdcm pcid sse4_1 sse4_2 x2apic movbe popcnt tsc_deadline_timer aes xsave avx f16c rdrand lahf_lm abm tpr_shadow vnmi flexpriority ept vpid fsgsbase tsc_adjust bmi1 hle avx2 smep bmi2 erms invpcid rtm xsaveopt dtherm ida arat pln pts
bugs		:
bogomips	: 6600.48
clflush size	: 64
cache_alignment	: 64
address sizes	: 39 bits physical, 48 bits virtual
power management:



Memory: 4k page, physical 8009712k(1028720k free), swap 8221692k(7494752k free)

vm_info: Java HotSpot(TM) 64-Bit Server VM (25.111-b14) for linux-amd64 JRE (1.8.0_111-b14), built on Sep 22 2016 16:14:03 by "java_re" with gcc 4.3.0 20080428 (Red Hat 4.3.0-8)

time: Fri Dec 30 12:36:53 2016
elapsed time: 1 seconds (0d 0h 0m 1s)

